[25-May-2012 08:42:51 UTC] PHP Fatal error:  Call to undefined function objid() in /source/restybuddy/Presentation/Api/application/controllers/Id.php on line 10
[25-May-2012 08:42:51 UTC] PHP Fatal error:  Uncaught exception 'Yaf_Exception_LoadFailed_Controller' with message 'Could not find controller script /source/restybuddy/Presentation/Api/application/controllers/Favicon.ico.php' in /source/restybuddy/Presentation/Api/index_dev.php:14
Stack trace:
#0 /source/restybuddy/Presentation/Api/index_dev.php(14): Yaf_Application->run()
#1 {main}
  thrown in /source/restybuddy/Presentation/Api/index_dev.php on line 14
[25-May-2012 08:49:41 UTC] PHP Fatal error:  Uncaught exception 'Yaf_Exception_LoadFailed_Controller' with message 'Could not find controller script /source/restybuddy/Presentation/Api/application/controllers/Favicon.ico.php' in /source/restybuddy/Presentation/Api/index_dev.php:14
Stack trace:
#0 /source/restybuddy/Presentation/Api/index_dev.php(14): Yaf_Application->run()
#1 {main}
  thrown in /source/restybuddy/Presentation/Api/index_dev.php on line 14
[25-May-2012 08:52:17 UTC] PHP Fatal error:  Uncaught exception 'Yaf_Exception_LoadFailed_Controller' with message 'Could not find controller script /source/restybuddy/Presentation/Api/application/controllers/Favicon.ico.php' in /source/restybuddy/Presentation/Api/index_dev.php:14
Stack trace:
#0 /source/restybuddy/Presentation/Api/index_dev.php(14): Yaf_Application->run()
#1 {main}
  thrown in /source/restybuddy/Presentation/Api/index_dev.php on line 14
[25-May-2012 08:52:22 UTC] PHP Fatal error:  Uncaught exception 'Yaf_Exception_LoadFailed_Controller' with message 'Could not find controller script /source/restybuddy/Presentation/Api/application/controllers/Favicon.ico.php' in /source/restybuddy/Presentation/Api/index_dev.php:14
Stack trace:
#0 /source/restybuddy/Presentation/Api/index_dev.php(14): Yaf_Application->run()
#1 {main}
  thrown in /source/restybuddy/Presentation/Api/index_dev.php on line 14
[25-May-2012 08:52:24 UTC] PHP Fatal error:  Uncaught exception 'Yaf_Exception_LoadFailed_Controller' with message 'Could not find controller script /source/restybuddy/Presentation/Api/application/controllers/Favicon.ico.php' in /source/restybuddy/Presentation/Api/index_dev.php:14
Stack trace:
#0 /source/restybuddy/Presentation/Api/index_dev.php(14): Yaf_Application->run()
#1 {main}
  thrown in /source/restybuddy/Presentation/Api/index_dev.php on line 14
[25-May-2012 08:52:26 UTC] PHP Fatal error:  Uncaught exception 'Yaf_Exception_LoadFailed_Controller' with message 'Could not find controller script /source/restybuddy/Presentation/Api/application/controllers/Favicon.ico.php' in /source/restybuddy/Presentation/Api/index_dev.php:14
Stack trace:
#0 /source/restybuddy/Presentation/Api/index_dev.php(14): Yaf_Application->run()
#1 {main}
  thrown in /source/restybuddy/Presentation/Api/index_dev.php on line 14
[25-May-2012 08:52:28 UTC] PHP Fatal error:  Uncaught exception 'Yaf_Exception_LoadFailed_Controller' with message 'Could not find controller script /source/restybuddy/Presentation/Api/application/controllers/Favicon.ico.php' in /source/restybuddy/Presentation/Api/index_dev.php:14
Stack trace:
#0 /source/restybuddy/Presentation/Api/index_dev.php(14): Yaf_Application->run()
#1 {main}
  thrown in /source/restybuddy/Presentation/Api/index_dev.php on line 14
[25-May-2012 08:52:31 UTC] PHP Fatal error:  Uncaught exception 'Yaf_Exception_LoadFailed_Controller' with message 'Could not find controller script /source/restybuddy/Presentation/Api/application/controllers/Favicon.ico.php' in /source/restybuddy/Presentation/Api/index_dev.php:14
Stack trace:
#0 /source/restybuddy/Presentation/Api/index_dev.php(14): Yaf_Application->run()
#1 {main}
  thrown in /source/restybuddy/Presentation/Api/index_dev.php on line 14
[25-May-2012 08:52:33 UTC] PHP Fatal error:  Uncaught exception 'Yaf_Exception_LoadFailed_Controller' with message 'Could not find controller script /source/restybuddy/Presentation/Api/application/controllers/Favicon.ico.php' in /source/restybuddy/Presentation/Api/index_dev.php:14
Stack trace:
#0 /source/restybuddy/Presentation/Api/index_dev.php(14): Yaf_Application->run()
#1 {main}
  thrown in /source/restybuddy/Presentation/Api/index_dev.php on line 14
[25-May-2012 08:52:37 UTC] PHP Fatal error:  Uncaught exception 'Yaf_Exception_LoadFailed_Controller' with message 'Could not find controller script /source/restybuddy/Presentation/Api/application/controllers/Favicon.ico.php' in /source/restybuddy/Presentation/Api/index_dev.php:14
Stack trace:
#0 /source/restybuddy/Presentation/Api/index_dev.php(14): Yaf_Application->run()
#1 {main}
  thrown in /source/restybuddy/Presentation/Api/index_dev.php on line 14
[25-May-2012 08:52:41 UTC] PHP Fatal error:  Uncaught exception 'Yaf_Exception_LoadFailed_Controller' with message 'Could not find controller script /source/restybuddy/Presentation/Api/application/controllers/Favicon.ico.php' in /source/restybuddy/Presentation/Api/index_dev.php:14
Stack trace:
#0 /source/restybuddy/Presentation/Api/index_dev.php(14): Yaf_Application->run()
#1 {main}
  thrown in /source/restybuddy/Presentation/Api/index_dev.php on line 14
[25-May-2012 08:53:13 UTC] PHP Notice:  Use of undefined constant APP_PATH - assumed 'APP_PATH' in /source/restybuddy/Env/env.inc.php on line 18
[25-May-2012 09:09:53 UTC] PHP Notice:  Use of undefined constant RUNMODE - assumed 'RUNMODE' in /source/restybuddy/Env/env.inc.php on line 12
[25-May-2012 09:09:53 UTC] PHP Fatal error:  Uncaught exception 'Yaf_Exception' with message 'Unable to find config file '/source/restybuddy/Conf/RUNMODE/application.ini'' in /source/restybuddy/Presentation/Api/index_dev.php:9
Stack trace:
#0 /source/restybuddy/Presentation/Api/index_dev.php(9): Yaf_Application->__construct('/source/restybu...')
#1 {main}

Next exception 'Yaf_Exception_StartupError' with message 'Initialization of application config failed' in /source/restybuddy/Presentation/Api/index_dev.php:9
Stack trace:
#0 /source/restybuddy/Presentation/Api/index_dev.php(0): Yaf_Application->__construct()
#1 {main}
  thrown in /source/restybuddy/Presentation/Api/index_dev.php on line 9
[25-May-2012 09:09:54 UTC] PHP Notice:  Use of undefined constant RUNMODE - assumed 'RUNMODE' in /source/restybuddy/Env/env.inc.php on line 12
[25-May-2012 09:09:54 UTC] PHP Fatal error:  Uncaught exception 'Yaf_Exception' with message 'Unable to find config file '/source/restybuddy/Conf/RUNMODE/application.ini'' in /source/restybuddy/Presentation/Api/index_dev.php:9
Stack trace:
#0 /source/restybuddy/Presentation/Api/index_dev.php(9): Yaf_Application->__construct('/source/restybu...')
#1 {main}

Next exception 'Yaf_Exception_StartupError' with message 'Initialization of application config failed' in /source/restybuddy/Presentation/Api/index_dev.php:9
Stack trace:
#0 /source/restybuddy/Presentation/Api/index_dev.php(0): Yaf_Application->__construct()
#1 {main}
  thrown in /source/restybuddy/Presentation/Api/index_dev.php on line 9
[25-May-2012 09:11:00 UTC] PHP Fatal error:  Call to undefined function K() in /source/restybuddy/Presentation/Api/application/Bootstrap.php on line 19
[25-May-2012 09:11:00 UTC] PHP Fatal error:  Call to undefined function K() in /source/restybuddy/Presentation/Api/application/Bootstrap.php on line 19
[25-May-2012 09:16:06 UTC] PHP Fatal error:  Uncaught exception 'Yaf_Exception_LoadFailed_Controller' with message 'Could not find controller script /source/restybuddy/Presentation/Api/application/controllers/Favicon.ico.php' in /source/restybuddy/Presentation/Api/index_dev.php:10
Stack trace:
#0 /source/restybuddy/Presentation/Api/index_dev.php(10): Yaf_Application->run()
#1 {main}
  thrown in /source/restybuddy/Presentation/Api/index_dev.php on line 10
[25-May-2012 09:44:59 UTC] PHP Notice:  Use of undefined constant RUN_MODE - assumed 'RUN_MODE' in /source/restybuddy/Env/env.inc.php on line 12
[25-May-2012 09:44:59 UTC] PHP Notice:  Use of undefined constant APP_PATH - assumed 'APP_PATH' in /source/restybuddy/Env/env.inc.php on line 18
[25-May-2012 09:44:59 UTC] PHP Fatal error:  Uncaught exception 'Yaf_Exception' with message 'Unable to find config file '/source/restybuddy/Conf/RUN_MODE/dev/application.ini'' in /source/restybuddy/Test/dev/TestNow.php:16
Stack trace:
#0 /source/restybuddy/Test/dev/TestNow.php(16): Yaf_Application->__construct('/source/restybu...')
#1 /source/restybuddy/Test/dev/TestNow.php(37): TestNow->__construct()
#2 [internal function]: TestNow::suite('TestNow')
#3 /Wsmjenv/php5/lib/php/PHPUnit/Runner/BaseTestRunner.php(124): ReflectionMethod->invoke(NULL, 'TestNow')
#4 /Wsmjenv/php5/lib/php/PHPUnit/TextUI/Command.php(150): PHPUnit_Runner_BaseTestRunner->getTest('TestNow', '/source/restybu...')
#5 /Wsmjenv/php5/lib/php/PHPUnit/TextUI/Command.php(130): PHPUnit_TextUI_Command->run(Array, true)
#6 /Wsmjenv/php5/bin/phpunit(46): PHPUnit_TextUI_Command::main()
#7 {main}

Next exception 'Yaf_Exception_StartupError' with message 'Initialization of application config failed' in /source/restybuddy/Test/dev/TestNow.php:16
Stack trace:
#0 /source/restybuddy/Test/dev/TestNow. in /source/restybuddy/Test/dev/TestNow.php on line 16
[25-May-2012 09:47:03 UTC] PHP Notice:  Use of undefined constant APP_PATH - assumed 'APP_PATH' in /source/restybuddy/Env/env.inc.php on line 18
[25-May-2012 09:48:14 UTC] PHP Notice:  Use of undefined constant APP_PATH - assumed 'APP_PATH' in /source/restybuddy/Env/env.inc.php on line 18
[25-May-2012 09:48:24 UTC] PHP Notice:  Use of undefined constant APP_PATH - assumed 'APP_PATH' in /source/restybuddy/Env/env.inc.php on line 18
[25-May-2012 09:49:13 UTC] PHP Notice:  Use of undefined constant APP_PATH - assumed 'APP_PATH' in /source/restybuddy/Env/env.inc.php on line 18
[25-May-2012 09:52:20 UTC] PHP Parse error:  syntax error, unexpected '.' in /source/restybuddy/Test/dev/TestNow.php on line 10
[25-May-2012 10:04:55 UTC] /source/restybuddy/Conf/dev/dictionary/brand.txt
[25-May-2012 10:05:02 UTC] /source/restybuddy/Conf/dev/dictionary/brand.txt
[25-May-2012 10:05:04 UTC] /source/restybuddy/Conf/dev/dictionary/brand.txt
[25-May-2012 10:05:05 UTC] /source/restybuddy/Conf/dev/dictionary/brand.txt
[25-May-2012 10:05:06 UTC] /source/restybuddy/Conf/dev/dictionary/brand.txt
[25-May-2012 10:05:07 UTC] /source/restybuddy/Conf/dev/dictionary/brand.txt
[25-May-2012 10:05:08 UTC] /source/restybuddy/Conf/dev/dictionary/brand.txt
[25-May-2012 10:05:57 UTC] PHP Parse error:  syntax error, unexpected 'catch' (T_CATCH) in /source/restybuddy/Library/Matchmaker/Scws.php on line 61
[25-May-2012 10:06:18 UTC] /source/restybuddy/Conf/dev/dictionary/brand.txt
[25-May-2012 10:06:22 UTC] /source/restybuddy/Conf/dev/dictionary/brand.txt
[25-May-2012 10:06:24 UTC] /source/restybuddy/Conf/dev/dictionary/brand.txt
[25-May-2012 10:06:25 UTC] /source/restybuddy/Conf/dev/dictionary/brand.txt
[25-May-2012 10:09:45 UTC] PHP Warning:  phpinfo(): It is not safe to rely on the system's timezone settings. You are *required* to use the date.timezone setting or the date_default_timezone_set() function. In case you used any of those methods and you are still getting this warning, you most likely misspelled the timezone identifier. We selected the timezone 'UTC' for now, but please set date.timezone to select your timezone. in /source/restybuddy/Presentation/Api/application/controllers/Phpinfo.php on line 8
[25-May-2012 10:09:46 UTC] PHP Fatal error:  Uncaught exception 'Yaf_Exception_LoadFailed_Controller' with message 'Could not find controller script /source/restybuddy/Presentation/Api/application/controllers/Favicon.ico.php' in /source/restybuddy/Presentation/Api/index_dev.php:10
Stack trace:
#0 /source/restybuddy/Presentation/Api/index_dev.php(10): Yaf_Application->run()
#1 {main}
  thrown in /source/restybuddy/Presentation/Api/index_dev.php on line 10
[25-May-2012 10:10:31 UTC] /source/restybuddy/Conf/dev/dictionary/dict.utf8.xdb
[25-May-2012 10:10:32 UTC] /source/restybuddy/Conf/dev/dictionary/dict.utf8.xdb
[25-May-2012 10:10:33 UTC] /source/restybuddy/Conf/dev/dictionary/dict.utf8.xdb
[25-May-2012 10:10:34 UTC] /source/restybuddy/Conf/dev/dictionary/dict.utf8.xdb
[25-May-2012 10:10:35 UTC] /source/restybuddy/Conf/dev/dictionary/dict.utf8.xdb
[25-May-2012 10:10:37 UTC] /source/restybuddy/Conf/dev/dictionary/dict.utf8.xdb
[25-May-2012 10:12:50 UTC] PHP Warning:  phpinfo(): It is not safe to rely on the system's timezone settings. You are *required* to use the date.timezone setting or the date_default_timezone_set() function. In case you used any of those methods and you are still getting this warning, you most likely misspelled the timezone identifier. We selected the timezone 'UTC' for now, but please set date.timezone to select your timezone. in /source/restybuddy/Presentation/Api/application/controllers/Phpinfo.php on line 8
[25-May-2012 10:12:50 UTC] PHP Fatal error:  Uncaught exception 'Yaf_Exception_LoadFailed_Controller' with message 'Could not find controller script /source/restybuddy/Presentation/Api/application/controllers/Favicon.ico.php' in /source/restybuddy/Presentation/Api/index_dev.php:10
Stack trace:
#0 /source/restybuddy/Presentation/Api/index_dev.php(10): Yaf_Application->run()
#1 {main}
  thrown in /source/restybuddy/Presentation/Api/index_dev.php on line 10
[25-May-2012 10:13:43 UTC] /source/restybuddy/Conf/dev/dictionary/dict.utf8.xdb
[25-May-2012 10:13:57 UTC] /source/restybuddy/Conf/dev/dictionary/dict.utf8.xdb
[25-May-2012 10:15:26 UTC] PHP Warning:  scws_set_dict(): Failed to set the dict file in /source/restybuddy/Test/dev/ttt/scws-1.2.0/phpext/scws.php on line 32
[25-May-2012 10:15:26 UTC] PHP Warning:  scws_set_rule(): Failed to load the ruleset file in /source/restybuddy/Test/dev/ttt/scws-1.2.0/phpext/scws.php on line 33
[25-May-2012 10:15:53 UTC] PHP Warning:  SimpleCWS::set_dict(): Failed to set the dict file in /source/restybuddy/Test/dev/ttt/scws-1.2.0/phpext/scws_test.php on line 75
[25-May-2012 10:15:53 UTC] PHP Warning:  SimpleCWS::set_rule(): Failed to load the ruleset file in /source/restybuddy/Test/dev/ttt/scws-1.2.0/phpext/scws_test.php on line 76
[25-May-2012 10:19:11 UTC] PHP Warning:  SimpleCWS::set_dict(): Failed to set the dict file in /source/restybuddy/Test/dev/ttt/scws-1.2.0/phpext/scws_test.php on line 75
[25-May-2012 10:19:11 UTC] PHP Warning:  SimpleCWS::set_rule(): Failed to load the ruleset file in /source/restybuddy/Test/dev/ttt/scws-1.2.0/phpext/scws_test.php on line 76
[25-May-2012 10:29:30 UTC] PHP Warning:  phpinfo(): It is not safe to rely on the system's timezone settings. You are *required* to use the date.timezone setting or the date_default_timezone_set() function. In case you used any of those methods and you are still getting this warning, you most likely misspelled the timezone identifier. We selected the timezone 'UTC' for now, but please set date.timezone to select your timezone. in /source/restybuddy/Presentation/Api/application/controllers/Phpinfo.php on line 8
[25-May-2012 10:29:30 UTC] PHP Fatal error:  Uncaught exception 'Yaf_Exception_LoadFailed_Controller' with message 'Could not find controller script /source/restybuddy/Presentation/Api/application/controllers/Favicon.ico.php' in /source/restybuddy/Presentation/Api/index_dev.php:10
Stack trace:
#0 /source/restybuddy/Presentation/Api/index_dev.php(10): Yaf_Application->run()
#1 {main}
  thrown in /source/restybuddy/Presentation/Api/index_dev.php on line 10
[25-May-2012 10:30:15 UTC] PHP Warning:  phpinfo(): It is not safe to rely on the system's timezone settings. You are *required* to use the date.timezone setting or the date_default_timezone_set() function. In case you used any of those methods and you are still getting this warning, you most likely misspelled the timezone identifier. We selected the timezone 'UTC' for now, but please set date.timezone to select your timezone. in /source/restybuddy/Presentation/Api/application/controllers/Phpinfo.php on line 8
[25-May-2012 10:30:16 UTC] PHP Fatal error:  Uncaught exception 'Yaf_Exception_LoadFailed_Controller' with message 'Could not find controller script /source/restybuddy/Presentation/Api/application/controllers/Favicon.ico.php' in /source/restybuddy/Presentation/Api/index_dev.php:10
Stack trace:
#0 /source/restybuddy/Presentation/Api/index_dev.php(10): Yaf_Application->run()
#1 {main}
  thrown in /source/restybuddy/Presentation/Api/index_dev.php on line 10
[25-May-2012 11:34:01 UTC] PHP Fatal error:  Uncaught exception 'Yaf_Exception_LoadFailed_View' with message 'Unable to find template /Sources/woshimaijia/Presentation/Api/application/views/index/index.phtml' in /Sources/woshimaijia/Presentation/Api/index.php:11
Stack trace:
#0 [internal function]: Yaf_View_Simple->render('index/index.pht...')
#1 [internal function]: Yaf_Controller_Abstract->render('index')
#2 /Sources/woshimaijia/Presentation/Api/index.php(11): Yaf_Application->run()
#3 {main}
  thrown in /Sources/woshimaijia/Presentation/Api/index.php on line 11
[25-May-2012 11:34:02 UTC] PHP Fatal error:  Uncaught exception 'Yaf_Exception_LoadFailed_Controller' with message 'Could not find controller script /Sources/woshimaijia/Presentation/Api/application/controllers/Favicon.ico.php' in /Sources/woshimaijia/Presentation/Api/index.php:11
Stack trace:
#0 /Sources/woshimaijia/Presentation/Api/index.php(11): Yaf_Application->run()
#1 {main}
  thrown in /Sources/woshimaijia/Presentation/Api/index.php on line 11
[25-May-2012 11:34:04 UTC] PHP Fatal error:  Uncaught exception 'Yaf_Exception_LoadFailed_View' with message 'Unable to find template /Sources/woshimaijia/Presentation/Api/application/views/index/index.phtml' in /Sources/woshimaijia/Presentation/Api/index.php:11
Stack trace:
#0 [internal function]: Yaf_View_Simple->render('index/index.pht...')
#1 [internal function]: Yaf_Controller_Abstract->render('index')
#2 /Sources/woshimaijia/Presentation/Api/index.php(11): Yaf_Application->run()
#3 {main}
  thrown in /Sources/woshimaijia/Presentation/Api/index.php on line 11
[25-May-2012 11:34:05 UTC] PHP Fatal error:  Uncaught exception 'Yaf_Exception_LoadFailed_Controller' with message 'Could not find controller script /Sources/woshimaijia/Presentation/Api/application/controllers/Favicon.ico.php' in /Sources/woshimaijia/Presentation/Api/index.php:11
Stack trace:
#0 /Sources/woshimaijia/Presentation/Api/index.php(11): Yaf_Application->run()
#1 {main}
  thrown in /Sources/woshimaijia/Presentation/Api/index.php on line 11
[25-May-2012 11:34:16 UTC] PHP Fatal error:  Uncaught exception 'Yaf_Exception_LoadFailed_View' with message 'Unable to find template /Sources/woshimaijia/Presentation/Api/application/views/index/index.phtml' in /Sources/woshimaijia/Presentation/Api/index.php:11
Stack trace:
#0 [internal function]: Yaf_View_Simple->render('index/index.pht...')
#1 [internal function]: Yaf_Controller_Abstract->render('index')
#2 /Sources/woshimaijia/Presentation/Api/index.php(11): Yaf_Application->run()
#3 {main}
  thrown in /Sources/woshimaijia/Presentation/Api/index.php on line 11
[25-May-2012 11:34:17 UTC] PHP Fatal error:  Uncaught exception 'Yaf_Exception_LoadFailed_Controller' with message 'Could not find controller script /Sources/woshimaijia/Presentation/Api/application/controllers/Favicon.ico.php' in /Sources/woshimaijia/Presentation/Api/index.php:11
Stack trace:
#0 /Sources/woshimaijia/Presentation/Api/index.php(11): Yaf_Application->run()
#1 {main}
  thrown in /Sources/woshimaijia/Presentation/Api/index.php on line 11
[25-May-2012 11:34:29 UTC] PHP Fatal error:  Uncaught exception 'Yaf_Exception_LoadFailed_Controller' with message 'Could not find controller script /Sources/woshimaijia/Presentation/Api/application/controllers/Phpinfo.php' in /Sources/woshimaijia/Presentation/Api/index.php:11
Stack trace:
#0 /Sources/woshimaijia/Presentation/Api/index.php(11): Yaf_Application->run()
#1 {main}
  thrown in /Sources/woshimaijia/Presentation/Api/index.php on line 11
[25-May-2012 11:34:29 UTC] PHP Fatal error:  Uncaught exception 'Yaf_Exception_LoadFailed_Controller' with message 'Could not find controller script /Sources/woshimaijia/Presentation/Api/application/controllers/Favicon.ico.php' in /Sources/woshimaijia/Presentation/Api/index.php:11
Stack trace:
#0 /Sources/woshimaijia/Presentation/Api/index.php(11): Yaf_Application->run()
#1 {main}
  thrown in /Sources/woshimaijia/Presentation/Api/index.php on line 11
[25-May-2012 11:35:37 UTC] PHP Warning:  phpinfo(): It is not safe to rely on the system's timezone settings. You are *required* to use the date.timezone setting or the date_default_timezone_set() function. In case you used any of those methods and you are still getting this warning, you most likely misspelled the timezone identifier. We selected the timezone 'UTC' for now, but please set date.timezone to select your timezone. in /source/restybuddy/Presentation/Api/application/controllers/Phpinfo.php on line 8
[25-May-2012 11:35:38 UTC] PHP Fatal error:  Uncaught exception 'Yaf_Exception_LoadFailed_Controller' with message 'Could not find controller script /source/restybuddy/Presentation/Api/application/controllers/Favicon.ico.php' in /source/restybuddy/Presentation/Api/index_dev.php:10
Stack trace:
#0 /source/restybuddy/Presentation/Api/index_dev.php(10): Yaf_Application->run()
#1 {main}
  thrown in /source/restybuddy/Presentation/Api/index_dev.php on line 10
[25-May-2012 11:35:41 UTC] PHP Fatal error:  Uncaught exception 'Yaf_Exception_LoadFailed_Controller' with message 'Could not find controller script /source/restybuddy/Presentation/Api/application/controllers/Favicon.ico.php' in /source/restybuddy/Presentation/Api/index_dev.php:10
Stack trace:
#0 /source/restybuddy/Presentation/Api/index_dev.php(10): Yaf_Application->run()
#1 {main}
  thrown in /source/restybuddy/Presentation/Api/index_dev.php on line 10
[25-May-2012 11:36:04 UTC] PHP Notice:  Use of undefined constant RUN_MODE - assumed 'RUN_MODE' in /source/restybuddy/Env/env.inc.php on line 12
[25-May-2012 11:36:04 UTC] PHP Fatal error:  Uncaught exception 'Yaf_Exception' with message 'Unable to find config file '/source/restybuddy/Conf/RUN_MODE/dev/application.ini'' in /source/restybuddy/Presentation/Web/index_dev.php:12
Stack trace:
#0 /source/restybuddy/Presentation/Web/index_dev.php(12): Yaf_Application->__construct('/source/restybu...')
#1 {main}

Next exception 'Yaf_Exception_StartupError' with message 'Initialization of application config failed' in /source/restybuddy/Presentation/Web/index_dev.php:12
Stack trace:
#0 /source/restybuddy/Presentation/Web/index_dev.php(0): Yaf_Application->__construct()
#1 {main}
  thrown in /source/restybuddy/Presentation/Web/index_dev.php on line 12
[25-May-2012 11:52:19 UTC] PHP Fatal error:  Uncaught exception 'Yaf_Exception_LoadFailed_Controller' with message 'Could not find controller script /source/restybuddy/Presentation/Api/application/controllers/Favicon.ico.php' in /source/restybuddy/Presentation/Api/index_dev.php:10
Stack trace:
#0 /source/restybuddy/Presentation/Api/index_dev.php(10): Yaf_Application->run()
#1 {main}
  thrown in /source/restybuddy/Presentation/Api/index_dev.php on line 10
[25-May-2012 15:51:59 UTC] PHP Fatal error:  Uncaught exception 'Yaf_Exception_LoadFailed_Controller' with message 'Could not find controller script /source/restybuddy/Presentation/Api/application/controllers/Favicon.ico.php' in /source/restybuddy/Presentation/Api/index_dev.php:10
Stack trace:
#0 /source/restybuddy/Presentation/Api/index_dev.php(10): Yaf_Application->run()
#1 {main}
  thrown in /source/restybuddy/Presentation/Api/index_dev.php on line 10
[25-May-2012 15:52:06 UTC] PHP Fatal error:  Uncaught exception 'Yaf_Exception_LoadFailed_Controller' with message 'Could not find controller script /source/restybuddy/Presentation/Api/application/controllers/Favicon.ico.php' in /source/restybuddy/Presentation/Api/index_dev.php:10
Stack trace:
#0 /source/restybuddy/Presentation/Api/index_dev.php(10): Yaf_Application->run()
#1 {main}
  thrown in /source/restybuddy/Presentation/Api/index_dev.php on line 10
[25-May-2012 15:52:10 UTC] PHP Fatal error:  Uncaught exception 'Yaf_Exception_LoadFailed_Controller' with message 'Could not find controller script /source/restybuddy/Presentation/Api/application/controllers/Favicon.ico.php' in /source/restybuddy/Presentation/Api/index_dev.php:10
Stack trace:
#0 /source/restybuddy/Presentation/Api/index_dev.php(10): Yaf_Application->run()
#1 {main}
  thrown in /source/restybuddy/Presentation/Api/index_dev.php on line 10
[25-May-2012 15:52:41 UTC] PHP Fatal error:  Uncaught exception 'Yaf_Exception_LoadFailed_Action' with message 'There is no method destoryAction in StreamController' in /source/restybuddy/Presentation/Api/index_dev.php:10
Stack trace:
#0 /source/restybuddy/Presentation/Api/index_dev.php(10): Yaf_Application->run()
#1 {main}
  thrown in /source/restybuddy/Presentation/Api/index_dev.php on line 10
[25-May-2012 15:52:42 UTC] PHP Fatal error:  Uncaught exception 'Yaf_Exception_LoadFailed_Controller' with message 'Could not find controller script /source/restybuddy/Presentation/Api/application/controllers/Favicon.ico.php' in /source/restybuddy/Presentation/Api/index_dev.php:10
Stack trace:
#0 /source/restybuddy/Presentation/Api/index_dev.php(10): Yaf_Application->run()
#1 {main}
  thrown in /source/restybuddy/Presentation/Api/index_dev.php on line 10
[25-May-2012 15:52:57 UTC] PHP Fatal error:  Uncaught exception 'Yaf_Exception_LoadFailed_Controller' with message 'Could not find controller script /source/restybuddy/Presentation/Api/application/controllers/Favicon.ico.php' in /source/restybuddy/Presentation/Api/index_dev.php:10
Stack trace:
#0 /source/restybuddy/Presentation/Api/index_dev.php(10): Yaf_Application->run()
#1 {main}
  thrown in /source/restybuddy/Presentation/Api/index_dev.php on line 10
[25-May-2012 15:57:00 UTC] PHP Fatal error:  Uncaught exception 'Yaf_Exception_LoadFailed_Action' with message 'There is no method indexAction in UploadController' in /source/restybuddy/Presentation/Api/index_dev.php:10
Stack trace:
#0 /source/restybuddy/Presentation/Api/index_dev.php(10): Yaf_Application->run()
#1 {main}
  thrown in /source/restybuddy/Presentation/Api/index_dev.php on line 10
[25-May-2012 15:57:01 UTC] PHP Fatal error:  Uncaught exception 'Yaf_Exception_LoadFailed_Controller' with message 'Could not find controller script /source/restybuddy/Presentation/Api/application/controllers/Favicon.ico.php' in /source/restybuddy/Presentation/Api/index_dev.php:10
Stack trace:
#0 /source/restybuddy/Presentation/Api/index_dev.php(10): Yaf_Application->run()
#1 {main}
  thrown in /source/restybuddy/Presentation/Api/index_dev.php on line 10
[25-May-2012 15:57:16 UTC] PHP Fatal error:  Uncaught exception 'Yaf_Exception_LoadFailed_Controller' with message 'Could not find controller script /source/restybuddy/Presentation/Api/application/controllers/Favicon.ico.php' in /source/restybuddy/Presentation/Api/index_dev.php:10
Stack trace:
#0 /source/restybuddy/Presentation/Api/index_dev.php(10): Yaf_Application->run()
#1 {main}
  thrown in /source/restybuddy/Presentation/Api/index_dev.php on line 10
[25-May-2012 16:17:20 UTC] PHP Fatal error:  Uncaught exception 'Yaf_Exception_LoadFailed_Controller' with message 'Could not find controller script /source/restybuddy/Presentation/Api/application/controllers/Favicon.ico.php' in /source/restybuddy/Presentation/Api/index_dev.php:10
Stack trace:
#0 /source/restybuddy/Presentation/Api/index_dev.php(10): Yaf_Application->run()
#1 {main}
  thrown in /source/restybuddy/Presentation/Api/index_dev.php on line 10
[25-May-2012 16:17:24 UTC] PHP Fatal error:  Uncaught exception 'Yaf_Exception_LoadFailed_Controller' with message 'Could not find controller script /source/restybuddy/Presentation/Api/application/controllers/Favicon.ico.php' in /source/restybuddy/Presentation/Api/index_dev.php:10
Stack trace:
#0 /source/restybuddy/Presentation/Api/index_dev.php(10): Yaf_Application->run()
#1 {main}
  thrown in /source/restybuddy/Presentation/Api/index_dev.php on line 10
[25-May-2012 16:49:01 UTC] PHP Warning:  chmod(): No such file or directory in /Wsmjdev/try/API/Tasks/RemoveLargeLogs.php on line 30
[26-May-2012 03:21:15 UTC] PHP Fatal error:  Uncaught exception 'Yaf_Exception_LoadFailed_Controller' with message 'Could not find controller script /source/restybuddy/Presentation/Api/application/controllers/Favicon.ico.php' in /source/restybuddy/Presentation/Api/index_dev.php:10
Stack trace:
#0 /source/restybuddy/Presentation/Api/index_dev.php(10): Yaf_Application->run()
#1 {main}
  thrown in /source/restybuddy/Presentation/Api/index_dev.php on line 10
[26-May-2012 04:38:51 UTC] PHP Fatal error:  Uncaught exception 'Yaf_Exception_LoadFailed_Controller' with message 'Could not find controller script /source/restybuddy/Presentation/Api/application/controllers/Favicon.ico.php' in /source/restybuddy/Presentation/Api/index_dev.php:10
Stack trace:
#0 /source/restybuddy/Presentation/Api/index_dev.php(10): Yaf_Application->run()
#1 {main}
  thrown in /source/restybuddy/Presentation/Api/index_dev.php on line 10
[26-May-2012 04:38:54 UTC] PHP Fatal error:  Uncaught exception 'Yaf_Exception_LoadFailed_Controller' with message 'Could not find controller script /source/restybuddy/Presentation/Api/application/controllers/Favicon.ico.php' in /source/restybuddy/Presentation/Api/index_dev.php:10
Stack trace:
#0 /source/restybuddy/Presentation/Api/index_dev.php(10): Yaf_Application->run()
#1 {main}
  thrown in /source/restybuddy/Presentation/Api/index_dev.php on line 10
[26-May-2012 04:40:42 UTC] PHP Fatal error:  Uncaught exception 'Yaf_Exception_LoadFailed_Controller' with message 'Could not find controller script /source/restybuddy/Presentation/Api/application/controllers/Favicon.ico.php' in /source/restybuddy/Presentation/Api/index_dev.php:10
Stack trace:
#0 /source/restybuddy/Presentation/Api/index_dev.php(10): Yaf_Application->run()
#1 {main}
  thrown in /source/restybuddy/Presentation/Api/index_dev.php on line 10
[26-May-2012 04:40:44 UTC] PHP Fatal error:  Uncaught exception 'Yaf_Exception_LoadFailed_Controller' with message 'Could not find controller script /source/restybuddy/Presentation/Api/application/controllers/Favicon.ico.php' in /source/restybuddy/Presentation/Api/index_dev.php:10
Stack trace:
#0 /source/restybuddy/Presentation/Api/index_dev.php(10): Yaf_Application->run()
#1 {main}
  thrown in /source/restybuddy/Presentation/Api/index_dev.php on line 10
[26-May-2012 04:40:47 UTC] PHP Fatal error:  Uncaught exception 'Yaf_Exception_LoadFailed_Controller' with message 'Could not find controller script /source/restybuddy/Presentation/Api/application/controllers/Favicon.ico.php' in /source/restybuddy/Presentation/Api/index_dev.php:10
Stack trace:
#0 /source/restybuddy/Presentation/Api/index_dev.php(10): Yaf_Application->run()
#1 {main}
  thrown in /source/restybuddy/Presentation/Api/index_dev.php on line 10
[26-May-2012 04:42:02 UTC] PHP Fatal error:  Cannot override final method Yaf_Controller_Abstract::__construct() in /source/restybuddy/Presentation/Api/application/controllers/Ad.php on line 42
[26-May-2012 04:42:03 UTC] PHP Fatal error:  Uncaught exception 'Yaf_Exception_LoadFailed_Controller' with message 'Could not find controller script /source/restybuddy/Presentation/Api/application/controllers/Favicon.ico.php' in /source/restybuddy/Presentation/Api/index_dev.php:10
Stack trace:
#0 /source/restybuddy/Presentation/Api/index_dev.php(10): Yaf_Application->run()
#1 {main}
  thrown in /source/restybuddy/Presentation/Api/index_dev.php on line 10
[26-May-2012 04:42:11 UTC] PHP Fatal error:  Uncaught exception 'Yaf_Exception_LoadFailed_Controller' with message 'Could not find controller script /source/restybuddy/Presentation/Api/application/controllers/Favicon.ico.php' in /source/restybuddy/Presentation/Api/index_dev.php:10
Stack trace:
#0 /source/restybuddy/Presentation/Api/index_dev.php(10): Yaf_Application->run()
#1 {main}
  thrown in /source/restybuddy/Presentation/Api/index_dev.php on line 10
[26-May-2012 05:22:51 UTC] PHP Notice:  Array to string conversion in /source/restybuddy/Env/functions.php on line 258
[26-May-2012 05:22:51 UTC] PHP Fatal error:  Cannot access self:: when no class scope is active in /source/restybuddy/Env/functions.php on line 259
[26-May-2012 05:22:51 UTC] PHP Notice:  Array to string conversion in /source/restybuddy/Env/functions.php on line 258
[26-May-2012 05:22:51 UTC] PHP Fatal error:  Cannot access self:: when no class scope is active in /source/restybuddy/Env/functions.php on line 259
[26-May-2012 05:22:51 UTC] PHP Notice:  Array to string conversion in /source/restybuddy/Env/functions.php on line 258
[26-May-2012 05:22:51 UTC] PHP Fatal error:  Cannot access self:: when no class scope is active in /source/restybuddy/Env/functions.php on line 259
[26-May-2012 05:23:49 UTC] PHP Notice:  Array to string conversion in /source/restybuddy/Env/functions.php on line 258
[26-May-2012 05:23:49 UTC] PHP Fatal error:  Cannot access self:: when no class scope is active in /source/restybuddy/Env/functions.php on line 259
[26-May-2012 05:23:49 UTC] PHP Notice:  Array to string conversion in /source/restybuddy/Env/functions.php on line 258
[26-May-2012 05:23:49 UTC] PHP Fatal error:  Cannot access self:: when no class scope is active in /source/restybuddy/Env/functions.php on line 259
[26-May-2012 05:23:49 UTC] PHP Notice:  Array to string conversion in /source/restybuddy/Env/functions.php on line 258
[26-May-2012 05:23:49 UTC] PHP Fatal error:  Cannot access self:: when no class scope is active in /source/restybuddy/Env/functions.php on line 259
[26-May-2012 05:26:08 UTC] PHP Notice:  Array to string conversion in /source/restybuddy/Env/functions.php on line 258
[26-May-2012 05:26:08 UTC] PHP Fatal error:  Cannot access self:: when no class scope is active in /source/restybuddy/Env/functions.php on line 259
[26-May-2012 05:26:08 UTC] PHP Notice:  Array to string conversion in /source/restybuddy/Env/functions.php on line 258
[26-May-2012 05:26:08 UTC] PHP Fatal error:  Cannot access self:: when no class scope is active in /source/restybuddy/Env/functions.php on line 259
[26-May-2012 05:26:08 UTC] PHP Notice:  Array to string conversion in /source/restybuddy/Env/functions.php on line 258
[26-May-2012 05:26:08 UTC] PHP Fatal error:  Cannot access self:: when no class scope is active in /source/restybuddy/Env/functions.php on line 259
[26-May-2012 05:27:23 UTC] PHP Fatal error:  Cannot access self:: when no class scope is active in /source/restybuddy/Env/functions.php on line 259
[26-May-2012 05:27:23 UTC] PHP Fatal error:  Cannot access self:: when no class scope is active in /source/restybuddy/Env/functions.php on line 259
[26-May-2012 05:27:23 UTC] PHP Fatal error:  Cannot access self:: when no class scope is active in /source/restybuddy/Env/functions.php on line 259
[26-May-2012 05:31:43 UTC] PHP Strict Standards:  Non-static method Sharding_Redis::instance() should not be called statically, assuming $this from incompatible context in /source/restybuddy/Library/Service/Ad.php on line 10
[26-May-2012 05:31:43 UTC] PHP Warning:  call_user_func_array() expects exactly 2 parameters, 1 given in /source/restybuddy/Env/functions.php on line 264
[26-May-2012 05:31:43 UTC] PHP Strict Standards:  Non-static method Sharding_Redis::instance() should not be called statically, assuming $this from incompatible context in /source/restybuddy/Library/Service/Ad.php on line 10
[26-May-2012 05:31:43 UTC] PHP Warning:  call_user_func_array() expects exactly 2 parameters, 1 given in /source/restybuddy/Env/functions.php on line 264
[26-May-2012 05:31:43 UTC] PHP Strict Standards:  Non-static method Sharding_Redis::instance() should not be called statically, assuming $this from incompatible context in /source/restybuddy/Library/Service/Ad.php on line 10
[26-May-2012 05:31:43 UTC] PHP Warning:  call_user_func_array() expects exactly 2 parameters, 1 given in /source/restybuddy/Env/functions.php on line 264
[26-May-2012 05:32:22 UTC] PHP Strict Standards:  Non-static method Sharding_Redis::instance() should not be called statically, assuming $this from incompatible context in /source/restybuddy/Library/Service/Ad.php on line 10
[26-May-2012 05:32:22 UTC] PHP Warning:  call_user_func_array() expects exactly 2 parameters, 1 given in /source/restybuddy/Env/functions.php on line 264
[26-May-2012 05:32:22 UTC] PHP Strict Standards:  Non-static method Sharding_Redis::instance() should not be called statically, assuming $this from incompatible context in /source/restybuddy/Library/Service/Ad.php on line 10
[26-May-2012 05:32:22 UTC] PHP Warning:  call_user_func_array() expects exactly 2 parameters, 1 given in /source/restybuddy/Env/functions.php on line 264
[26-May-2012 05:32:22 UTC] PHP Strict Standards:  Non-static method Sharding_Redis::instance() should not be called statically, assuming $this from incompatible context in /source/restybuddy/Library/Service/Ad.php on line 10
[26-May-2012 05:32:22 UTC] PHP Warning:  call_user_func_array() expects exactly 2 parameters, 1 given in /source/restybuddy/Env/functions.php on line 264
[26-May-2012 05:32:43 UTC] PHP Strict Standards:  Non-static method Sharding_Redis::instance() should not be called statically, assuming $this from incompatible context in /source/restybuddy/Library/Service/Ad.php on line 10
[26-May-2012 05:32:43 UTC] PHP Warning:  call_user_func_array() expects exactly 2 parameters, 1 given in /source/restybuddy/Env/functions.php on line 264
[26-May-2012 05:32:43 UTC] PHP Strict Standards:  Non-static method Sharding_Redis::instance() should not be called statically, assuming $this from incompatible context in /source/restybuddy/Library/Service/Ad.php on line 10
[26-May-2012 05:32:43 UTC] PHP Warning:  call_user_func_array() expects exactly 2 parameters, 1 given in /source/restybuddy/Env/functions.php on line 264
[26-May-2012 05:32:43 UTC] PHP Strict Standards:  Non-static method Sharding_Redis::instance() should not be called statically, assuming $this from incompatible context in /source/restybuddy/Library/Service/Ad.php on line 10
[26-May-2012 05:32:43 UTC] PHP Warning:  call_user_func_array() expects exactly 2 parameters, 1 given in /source/restybuddy/Env/functions.php on line 264
[26-May-2012 05:35:25 UTC] PHP Warning:  call_user_func_array() expects exactly 2 parameters, 1 given in /source/restybuddy/Env/functions.php on line 264
[26-May-2012 05:35:25 UTC] PHP Warning:  call_user_func_array() expects exactly 2 parameters, 1 given in /source/restybuddy/Env/functions.php on line 264
[26-May-2012 05:35:25 UTC] PHP Warning:  call_user_func_array() expects exactly 2 parameters, 1 given in /source/restybuddy/Env/functions.php on line 264
[26-May-2012 05:38:47 UTC] PHP Warning:  call_user_func_array() expects exactly 2 parameters, 1 given in /source/restybuddy/Env/functions.php on line 265
[26-May-2012 05:38:47 UTC] PHP Warning:  call_user_func_array() expects exactly 2 parameters, 1 given in /source/restybuddy/Env/functions.php on line 265
[26-May-2012 05:38:47 UTC] PHP Warning:  call_user_func_array() expects exactly 2 parameters, 1 given in /source/restybuddy/Env/functions.php on line 265
[26-May-2012 05:39:49 UTC] PHP Warning:  call_user_func_array() expects exactly 2 parameters, 1 given in /source/restybuddy/Env/functions.php on line 266
[26-May-2012 05:39:49 UTC] PHP Warning:  call_user_func_array() expects exactly 2 parameters, 1 given in /source/restybuddy/Env/functions.php on line 266
[26-May-2012 05:39:49 UTC] PHP Warning:  call_user_func_array() expects exactly 2 parameters, 1 given in /source/restybuddy/Env/functions.php on line 266
[26-May-2012 05:43:48 UTC] PHP Warning:  call_user_func_array() expects exactly 2 parameters, 1 given in /source/restybuddy/Env/functions.php on line 264
[26-May-2012 05:43:48 UTC] PHP Warning:  call_user_func_array() expects exactly 2 parameters, 1 given in /source/restybuddy/Env/functions.php on line 264
[26-May-2012 05:43:48 UTC] PHP Warning:  call_user_func_array() expects exactly 2 parameters, 1 given in /source/restybuddy/Env/functions.php on line 264
[26-May-2012 05:44:31 UTC] Service_Ad   create
[26-May-2012 05:44:31 UTC] PHP Warning:  call_user_func_array() expects exactly 2 parameters, 1 given in /source/restybuddy/Env/functions.php on line 265
[26-May-2012 05:44:31 UTC] Service_Ad   create
[26-May-2012 05:44:31 UTC] PHP Warning:  call_user_func_array() expects exactly 2 parameters, 1 given in /source/restybuddy/Env/functions.php on line 265
[26-May-2012 05:44:31 UTC] Service_Ad   create
[26-May-2012 05:44:31 UTC] PHP Warning:  call_user_func_array() expects exactly 2 parameters, 1 given in /source/restybuddy/Env/functions.php on line 265
[26-May-2012 05:45:18 UTC] PHP Fatal error:  Call-time pass-by-reference has been removed in /source/restybuddy/Env/functions.php on line 264
[26-May-2012 05:45:32 UTC] PHP Warning:  call_user_func_array() expects parameter 1 to be a valid callback, no array or string given in /source/restybuddy/Env/functions.php on line 264
[26-May-2012 05:45:32 UTC] PHP Warning:  call_user_func_array() expects parameter 1 to be a valid callback, no array or string given in /source/restybuddy/Env/functions.php on line 264
[26-May-2012 05:45:32 UTC] PHP Warning:  call_user_func_array() expects parameter 1 to be a valid callback, no array or string given in /source/restybuddy/Env/functions.php on line 264
[26-May-2012 05:51:25 UTC] PHP Fatal error:  Call to undefined function instance() in /source/restybuddy/Presentation/Api/application/controllers/Ad.php on line 13
[26-May-2012 05:51:25 UTC] PHP Fatal error:  Call to undefined function instance() in /source/restybuddy/Presentation/Api/application/controllers/Ad.php on line 22
[26-May-2012 05:51:25 UTC] PHP Fatal error:  Call to undefined function instance() in /source/restybuddy/Presentation/Api/application/controllers/Ad.php on line 49
[26-May-2012 05:52:29 UTC] PHP Notice:  Array to string conversion in /source/restybuddy/Library/Service/Ad.php on line 17
[26-May-2012 05:52:29 UTC] Array:index:index:1
[26-May-2012 05:52:29 UTC] PHP Notice:  Undefined variable: params in /source/restybuddy/Library/Service/Ad.php on line 19
[26-May-2012 05:52:29 UTC] PHP Notice:  Array to string conversion in /source/restybuddy/Library/Service/Ad.php on line 17
[26-May-2012 05:52:29 UTC] PHP Notice:  Undefined index: module in /source/restybuddy/Library/Service/Ad.php on line 17
[26-May-2012 05:52:29 UTC] PHP Notice:  Undefined index: action in /source/restybuddy/Library/Service/Ad.php on line 17
[26-May-2012 05:52:29 UTC] PHP Notice:  Undefined index: position in /source/restybuddy/Library/Service/Ad.php on line 17
[26-May-2012 05:52:29 UTC] Array:::
[26-May-2012 05:52:29 UTC] PHP Notice:  Undefined variable: params in /source/restybuddy/Library/Service/Ad.php on line 19
[26-May-2012 05:52:29 UTC] PHP Notice:  Array to string conversion in /source/restybuddy/Library/Service/Ad.php on line 17
[26-May-2012 05:52:29 UTC] Array:index:index:1
[26-May-2012 05:52:29 UTC] PHP Notice:  Undefined variable: params in /source/restybuddy/Library/Service/Ad.php on line 19
[26-May-2012 05:54:02 UTC] d:s:index:index:1
[26-May-2012 05:54:02 UTC] PHP Notice:  Undefined variable: params in /source/restybuddy/Library/Service/Ad.php on line 19
[26-May-2012 05:54:02 UTC] PHP Notice:  Undefined index: module in /source/restybuddy/Library/Service/Ad.php on line 17
[26-May-2012 05:54:02 UTC] PHP Notice:  Undefined index: action in /source/restybuddy/Library/Service/Ad.php on line 17
[26-May-2012 05:54:02 UTC] PHP Notice:  Undefined index: position in /source/restybuddy/Library/Service/Ad.php on line 17
[26-May-2012 05:54:02 UTC] d:s:::
[26-May-2012 05:54:02 UTC] PHP Notice:  Undefined variable: params in /source/restybuddy/Library/Service/Ad.php on line 19
[26-May-2012 05:54:02 UTC] d:s:index:index:1
[26-May-2012 05:54:02 UTC] PHP Notice:  Undefined variable: params in /source/restybuddy/Library/Service/Ad.php on line 19
[26-May-2012 05:56:08 UTC] d:s:index:index:1
[26-May-2012 05:56:08 UTC] PHP Notice:  Undefined variable: params in /source/restybuddy/Library/Service/Ad.php on line 19
[26-May-2012 05:57:53 UTC] d:s:index:index:1
[26-May-2012 06:30:46 UTC] destroy d:s:ad:index:index:1
[26-May-2012 06:33:26 UTC] show:d:s:ad:index:index:1
[26-May-2012 06:33:26 UTC] list:d:s:ad:index*
[26-May-2012 06:33:26 UTC] destroy d:s:ad:index:index:1
[26-May-2012 06:35:21 UTC] show:d:s:ad:index:index:1
[26-May-2012 06:35:21 UTC] list:d:s:ad:index*
[26-May-2012 06:35:21 UTC] destroy d:s:ad:index:index:1
[26-May-2012 06:36:21 UTC] show:d:s:ad:index:index:1
[26-May-2012 06:36:21 UTC] list:d:s:ad:index*
[26-May-2012 06:36:21 UTC] destroy d:s:ad:index:index:1
[26-May-2012 06:36:28 UTC] show:d:s:ad:index:index:1
[26-May-2012 06:36:28 UTC] list:d:s:ad:index*
[26-May-2012 06:36:28 UTC] destroy d:s:ad:index:index:1
[26-May-2012 06:36:30 UTC] show:d:s:ad:index:index:1
[26-May-2012 06:36:30 UTC] list:d:s:ad:index*
[26-May-2012 06:36:30 UTC] destroy d:s:ad:index:index:1
[26-May-2012 06:36:32 UTC] show:d:s:ad:index:index:1
[26-May-2012 06:36:32 UTC] list:d:s:ad:index*
[26-May-2012 06:36:32 UTC] destroy d:s:ad:index:index:1
[26-May-2012 06:36:35 UTC] show:d:s:ad:index:index:1
[26-May-2012 06:36:35 UTC] list:d:s:ad:index*
[26-May-2012 06:36:35 UTC] destroy d:s:ad:index:index:1
[26-May-2012 06:58:43 UTC] PHP Fatal error:  Uncaught exception 'Yaf_Exception_LoadFailed_Action' with message 'There is no method createAction in AdController' in /source/restybuddy/Presentation/Api/index_dev.php:10
Stack trace:
#0 /source/restybuddy/Presentation/Api/index_dev.php(10): Yaf_Application->run()
#1 {main}
  thrown in /source/restybuddy/Presentation/Api/index_dev.php on line 10
[26-May-2012 06:58:44 UTC] PHP Fatal error:  Uncaught exception 'Yaf_Exception_LoadFailed_Controller' with message 'Could not find controller script /source/restybuddy/Presentation/Api/application/controllers/Favicon.ico.php' in /source/restybuddy/Presentation/Api/index_dev.php:10
Stack trace:
#0 /source/restybuddy/Presentation/Api/index_dev.php(10): Yaf_Application->run()
#1 {main}
  thrown in /source/restybuddy/Presentation/Api/index_dev.php on line 10
[26-May-2012 19:35:01 UTC] PHP Warning:  chmod(): No such file or directory in /Wsmjdev/try/API/Tasks/RemoveLargeLogs.php on line 30
[27-May-2012 09:03:47 UTC] PHP Fatal error:  Cannot use object of type Business_Remind as array in /source/restybuddy/Test/dev/Library/RemindTest.php on line 65
[27-May-2012 18:43:08 UTC] PHP Fatal error:  Uncaught exception 'Yaf_Exception_LoadFailed_Controller' with message 'Could not find controller script /source/restybuddy/Presentation/Api/application/controllers/Favicon.ico.php' in /source/restybuddy/Presentation/Api/index_dev.php:10
Stack trace:
#0 /source/restybuddy/Presentation/Api/index_dev.php(10): Yaf_Application->run()
#1 {main}
  thrown in /source/restybuddy/Presentation/Api/index_dev.php on line 10
[27-May-2012 19:23:30 UTC] PHP Fatal error:  Uncaught exception 'Yaf_Exception_LoadFailed_Controller' with message 'Could not find controller script /source/restybuddy/Presentation/Api/application/controllers/Favicon.ico.php' in /source/restybuddy/Presentation/Api/index_dev.php:10
Stack trace:
#0 /source/restybuddy/Presentation/Api/index_dev.php(10): Yaf_Application->run()
#1 {main}
  thrown in /source/restybuddy/Presentation/Api/index_dev.php on line 10
[27-May-2012 22:21:01 UTC] PHP Warning:  chmod(): No such file or directory in /Wsmjdev/try/API/Tasks/RemoveLargeLogs.php on line 30
[28-May-2012 00:14:49 UTC] PHP Notice:  Use of undefined constant RUN_MODE - assumed 'RUN_MODE' in /source/restybuddy/Env/env.inc.php on line 12
[28-May-2012 00:14:49 UTC] PHP Notice:  Use of undefined constant APP_PATH - assumed 'APP_PATH' in /source/restybuddy/Env/env.inc.php on line 18
[28-May-2012 00:14:49 UTC] PHP Fatal error:  Uncaught exception 'Yaf_Exception' with message 'Unable to find config file '/source/restybuddy/Conf/RUN_MODE/application.ini'' in /source/restybuddy/Test/dev/TestNow.php:13
Stack trace:
#0 /source/restybuddy/Test/dev/TestNow.php(13): Yaf_Application->__construct('/source/restybu...')
#1 /source/restybuddy/Test/dev/TestNow.php(39): TestNow->__construct()
#2 [internal function]: TestNow::suite('TestNow')
#3 /Wsmjenv/php5/lib/php/PHPUnit/Runner/BaseTestRunner.php(124): ReflectionMethod->invoke(NULL, 'TestNow')
#4 /Wsmjenv/php5/lib/php/PHPUnit/TextUI/Command.php(150): PHPUnit_Runner_BaseTestRunner->getTest('TestNow', '/source/restybu...')
#5 /Wsmjenv/php5/lib/php/PHPUnit/TextUI/Command.php(130): PHPUnit_TextUI_Command->run(Array, true)
#6 /Wsmjenv/php5/bin/phpunit(46): PHPUnit_TextUI_Command::main()
#7 {main}

Next exception 'Yaf_Exception_StartupError' with message 'Initialization of application config failed' in /source/restybuddy/Test/dev/TestNow.php:13
Stack trace:
#0 /source/restybuddy/Test/dev/TestNow.php( in /source/restybuddy/Test/dev/TestNow.php on line 13
[28-May-2012 00:15:59 UTC] PHP Notice:  Use of undefined constant APP_PATH - assumed 'APP_PATH' in /source/restybuddy/Env/env.inc.php on line 18
[28-May-2012 00:19:01 UTC] PHP Fatal error:  Uncaught exception 'Yaf_Exception_LoadFailed_Controller' with message 'Could not find controller script /source/restybuddy/Presentation/Api/application/controllers/Favicon.ico.php' in /source/restybuddy/Presentation/Api/index_dev.php:10
Stack trace:
#0 /source/restybuddy/Presentation/Api/index_dev.php(10): Yaf_Application->run()
#1 {main}
  thrown in /source/restybuddy/Presentation/Api/index_dev.php on line 10
[28-May-2012 00:32:40 UTC] aaa
[28-May-2012 00:32:41 UTC] PHP Fatal error:  Uncaught exception 'Yaf_Exception_LoadFailed_Controller' with message 'Could not find controller script /source/restybuddy/Presentation/Api/application/controllers/Favicon.ico.php' in /source/restybuddy/Presentation/Api/index_dev.php:10
Stack trace:
#0 /source/restybuddy/Presentation/Api/index_dev.php(10): Yaf_Application->run()
#1 {main}
  thrown in /source/restybuddy/Presentation/Api/index_dev.php on line 10
[28-May-2012 00:35:31 UTC] array (
  'id' => '88888',
  'tag' => 'tag',
  'uid' => '12343',
)
[28-May-2012 00:35:31 UTC] do
[28-May-2012 00:35:31 UTC] array (
  'id' => '88888',
  'n' => '10',
)
[28-May-2012 00:35:31 UTC] PHP Warning:  Redis::mget() expects parameter 1 to be array, string given in /source/restybuddy/Library/Business/Tags.php on line 67
[28-May-2012 00:35:31 UTC] array (
  'id' => '12343,12345',
)
[28-May-2012 00:35:31 UTC] PHP Notice:  Undefined index: n in /source/restybuddy/Library/Business/Tags.php on line 75
[28-May-2012 00:35:31 UTC] PHP Warning:  Redis::mget() expects parameter 1 to be array, string given in /source/restybuddy/Library/Business/Tags.php on line 83
[28-May-2012 00:35:31 UTC] PHP Warning:  Redis::mget() expects parameter 1 to be array, string given in /source/restybuddy/Library/Business/Tags.php on line 83
[28-May-2012 00:35:31 UTC] PHP Warning:  Missing argument 1 for Business_Tags::__construct(), called in /source/restybuddy/Env/functions.php on line 262 and defined in /source/restybuddy/Library/Business/Tags.php on line 8
[28-May-2012 00:35:31 UTC] PHP Notice:  Undefined variable: params in /source/restybuddy/Library/Business/Tags.php on line 10
[28-May-2012 00:35:31 UTC] NULL
[28-May-2012 00:35:31 UTC] array (
  'tag' => 'tag',
)
[28-May-2012 00:35:31 UTC] PHP Notice:  Use of undefined constant tag - assumed 'tag' in /source/restybuddy/Library/Business/Tags.php on line 53
[28-May-2012 00:35:31 UTC] PHP Notice:  Use of undefined constant tagkey - assumed 'tagkey' in /source/restybuddy/Library/Business/Tags.php on line 53
[28-May-2012 00:35:31 UTC] PHP Warning:  Missing argument 1 for Business_Tags::__construct(), called in /source/restybuddy/Env/functions.php on line 262 and defined in /source/restybuddy/Library/Business/Tags.php on line 8
[28-May-2012 00:35:31 UTC] PHP Notice:  Undefined variable: params in /source/restybuddy/Library/Business/Tags.php on line 10
[28-May-2012 00:35:31 UTC] NULL
[28-May-2012 02:53:51 UTC] array (
  'id' => '88888',
  'tag' => 'tag',
  'uid' => '12343',
)
[28-May-2012 02:53:51 UTC] do
[28-May-2012 02:53:51 UTC] array (
  'id' => '88888',
  'n' => '10',
)
[28-May-2012 02:53:51 UTC] PHP Warning:  Redis::mget() expects parameter 1 to be array, string given in /source/restybuddy/Library/Business/Tags.php on line 67
[28-May-2012 02:53:51 UTC] array (
  'id' => '12343,12345',
  'n' => 10,
)
[28-May-2012 02:53:51 UTC] PHP Warning:  Redis::mget() expects parameter 1 to be array, string given in /source/restybuddy/Library/Business/Tags.php on line 83
[28-May-2012 02:53:51 UTC] PHP Warning:  Redis::mget() expects parameter 1 to be array, string given in /source/restybuddy/Library/Business/Tags.php on line 83
[28-May-2012 02:53:51 UTC] ''
[28-May-2012 02:53:51 UTC] array (
  'tag' => 'tag',
)
[28-May-2012 02:53:51 UTC] ''
[28-May-2012 02:54:52 UTC] array (
  'id' => '88888',
  'tag' => 'tag',
  'uid' => '12343',
)
[28-May-2012 02:54:52 UTC] do
[28-May-2012 02:54:52 UTC] array (
  'id' => '88888',
  'n' => '10',
)
[28-May-2012 02:54:52 UTC] array (
  'id' => '12343,12345',
  'n' => 10,
)
[28-May-2012 02:54:52 UTC] ''
[28-May-2012 02:54:52 UTC] array (
  'tag' => 'tag',
)
[28-May-2012 02:54:52 UTC] ''
[28-May-2012 02:56:17 UTC] do
[28-May-2012 03:05:35 UTC] do
[28-May-2012 16:35:56 UTC] aaaaaaaaaaaaarray (
  0 => 'tag',
)
[28-May-2012 16:35:56 UTC] do
[28-May-2012 16:35:56 UTC] 1
[28-May-2012 16:35:56 UTC] 
[28-May-2012 16:35:56 UTC] 
[28-May-2012 16:35:56 UTC] 
[28-May-2012 16:36:58 UTC] tr  1
[28-May-2012 16:36:58 UTC] kr 
[28-May-2012 16:36:58 UTC] utr  
[28-May-2012 16:36:58 UTC] htr   
[28-May-2012 16:37:51 UTC] tr  1
[28-May-2012 16:37:51 UTC] kr 
[28-May-2012 16:37:51 UTC] utr  
[28-May-2012 16:37:51 UTC] htr   
[28-May-2012 16:37:53 UTC] tr  1
[28-May-2012 16:37:53 UTC] kr 
[28-May-2012 16:37:53 UTC] utr  
[28-May-2012 16:37:53 UTC] htr   
[28-May-2012 16:38:02 UTC] tr  1
[28-May-2012 16:38:02 UTC] kr 
[28-May-2012 16:38:02 UTC] utr  
[28-May-2012 16:38:02 UTC] htr   
[28-May-2012 16:39:16 UTC] set d:v:tag:e4d23e841d8e8804190027bce3180fa5   tag
[28-May-2012 16:39:16 UTC] zadd d:z:objtag:88888  tagmd5 
[28-May-2012 16:39:16 UTC]  zadd d:z:usertag:12343   e4d23e841d8e8804190027bce3180fa5 
[28-May-2012 16:39:16 UTC] zdd d:z:hot   e4d23e841d8e8804190027bce3180fa5 
[28-May-2012 16:39:56 UTC] set d:v:tag:e4d23e841d8e8804190027bce3180fa5   tag
[28-May-2012 16:39:56 UTC] zadd d:z:objtag:88888  e4d23e841d8e8804190027bce3180fa5 
[28-May-2012 16:39:56 UTC]  zadd d:z:usertag:12343   e4d23e841d8e8804190027bce3180fa5 
[28-May-2012 16:39:56 UTC] zdd d:z:hot   e4d23e841d8e8804190027bce3180fa5 
[28-May-2012 16:40:08 UTC] set d:v:tag:e4d23e841d8e8804190027bce3180fa5   tag
[28-May-2012 16:40:08 UTC] zadd d:z:objtag:88888  e4d23e841d8e8804190027bce3180fa5 
[28-May-2012 16:40:08 UTC]  zadd d:z:usertag:12343   e4d23e841d8e8804190027bce3180fa5 
[28-May-2012 16:40:08 UTC] zdd d:z:hot   e4d23e841d8e8804190027bce3180fa5 
[28-May-2012 16:43:11 UTC] set d:v:tag:e4d23e841d8e8804190027bce3180fa5   tag
[28-May-2012 16:43:11 UTC] zadd 1 d:z:objtag:88888  e4d23e841d8e8804190027bce3180fa5 
[28-May-2012 16:43:11 UTC]  zadd 1 d:z:usertag:12343   e4d23e841d8e8804190027bce3180fa5 
[28-May-2012 16:43:11 UTC] zdd 1 d:z:hot   e4d23e841d8e8804190027bce3180fa5 
[28-May-2012 16:44:45 UTC] set d:v:tag:e4d23e841d8e8804190027bce3180fa5   tag
[28-May-2012 16:44:45 UTC] zadd 0 d:z:objtag:88888  e4d23e841d8e8804190027bce3180fa5 
[28-May-2012 16:44:45 UTC]  zadd 0 d:z:usertag:12343   e4d23e841d8e8804190027bce3180fa5 
[28-May-2012 16:44:45 UTC] zdd 0 d:z:hot   e4d23e841d8e8804190027bce3180fa5 
[28-May-2012 16:44:47 UTC] set d:v:tag:e4d23e841d8e8804190027bce3180fa5   tag
[28-May-2012 16:44:47 UTC] zadd 0 d:z:objtag:88888  e4d23e841d8e8804190027bce3180fa5 
[28-May-2012 16:44:47 UTC]  zadd 0 d:z:usertag:12343   e4d23e841d8e8804190027bce3180fa5 
[28-May-2012 16:44:47 UTC] zdd 0 d:z:hot   e4d23e841d8e8804190027bce3180fa5 
[28-May-2012 17:10:10 UTC] set d:v:tag:e4d23e841d8e8804190027bce3180fa5   tag
[28-May-2012 17:10:10 UTC] zadd 0 d:z:objtag:88888  e4d23e841d8e8804190027bce3180fa5 
[28-May-2012 17:10:10 UTC]  zadd 0 d:z:usertag:12343   e4d23e841d8e8804190027bce3180fa5 
[28-May-2012 17:10:10 UTC] zdd 0 d:z:hot   e4d23e841d8e8804190027bce3180fa5 
[28-May-2012 17:17:17 UTC] set d:v:tag:e4d23e841d8e8804190027bce3180fa5   tag
[28-May-2012 17:17:17 UTC] zadd 0 d:z:objtag:88888  e4d23e841d8e8804190027bce3180fa5 
[28-May-2012 17:17:17 UTC]  zadd 0 d:z:usertag:12343   e4d23e841d8e8804190027bce3180fa5 
[28-May-2012 17:17:17 UTC] zdd 0 d:z:hot   e4d23e841d8e8804190027bce3180fa5 
[28-May-2012 19:14:03 UTC] PHP Warning:  Yaf_Application::bootstrap(): Couldn't find bootstrap file /source/restybuddy/Presenatation/Api/application/Bootstrap.php in /source/restybuddy/Presentation/Api/index_dev.php on line 10
[28-May-2012 19:14:03 UTC] PHP Fatal error:  Call to a member function run() on a non-object in /source/restybuddy/Presentation/Api/index_dev.php on line 10
[28-May-2012 19:14:04 UTC] PHP Warning:  Yaf_Application::bootstrap(): Couldn't find bootstrap file /source/restybuddy/Presenatation/Api/application/Bootstrap.php in /source/restybuddy/Presentation/Api/index_dev.php on line 10
[28-May-2012 19:14:04 UTC] PHP Fatal error:  Call to a member function run() on a non-object in /source/restybuddy/Presentation/Api/index_dev.php on line 10
[28-May-2012 19:15:38 UTC] PHP Fatal error:  Uncaught exception 'Exception' with message 'upload savePath is not define' in /source/restybuddy/Library/Common/Upload.php:71
Stack trace:
#0 /source/restybuddy/Env/functions.php(262): Common_Upload->__construct()
#1 /source/restybuddy/Presentation/Api/application/controllers/Upload.php(6): Q('Common_Upload', '', 'upload')
#2 [internal function]: UploadController->indexAction()
#3 /source/restybuddy/Presentation/Api/index_dev.php(10): Yaf_Application->run()
#4 {main}
  thrown in /source/restybuddy/Library/Common/Upload.php on line 71
[28-May-2012 19:15:39 UTC] PHP Fatal error:  Uncaught exception 'Yaf_Exception_LoadFailed_Controller' with message 'Could not find controller script /source/restybuddy/Presentation/Api/application/controllers/Favicon.ico.php' in /source/restybuddy/Presentation/Api/index_dev.php:10
Stack trace:
#0 /source/restybuddy/Presentation/Api/index_dev.php(10): Yaf_Application->run()
#1 {main}
  thrown in /source/restybuddy/Presentation/Api/index_dev.php on line 10
[28-May-2012 19:15:46 UTC] PHP Fatal error:  Uncaught exception 'Exception' with message 'upload savePath is not define' in /source/restybuddy/Library/Common/Upload.php:71
Stack trace:
#0 /source/restybuddy/Env/functions.php(262): Common_Upload->__construct()
#1 /source/restybuddy/Presentation/Api/application/controllers/Upload.php(6): Q('Common_Upload', '', 'upload')
#2 [internal function]: UploadController->indexAction()
#3 /source/restybuddy/Presentation/Api/index_dev.php(10): Yaf_Application->run()
#4 {main}
  thrown in /source/restybuddy/Library/Common/Upload.php on line 71
[28-May-2012 19:15:46 UTC] PHP Fatal error:  Uncaught exception 'Yaf_Exception_LoadFailed_Controller' with message 'Could not find controller script /source/restybuddy/Presentation/Api/application/controllers/Favicon.ico.php' in /source/restybuddy/Presentation/Api/index_dev.php:10
Stack trace:
#0 /source/restybuddy/Presentation/Api/index_dev.php(10): Yaf_Application->run()
#1 {main}
  thrown in /source/restybuddy/Presentation/Api/index_dev.php on line 10
[28-May-2012 19:40:45 UTC] PHP Warning:  mkdir(): No such file or directory in /source/restybuddy/Library/Common/Upload.php on line 86
[28-May-2012 19:40:45 UTC] PHP Fatal error:  Uncaught exception 'Yaf_Exception_LoadFailed_Controller' with message 'Could not find controller script /source/restybuddy/Presentation/Api/application/controllers/Favicon.ico.php' in /source/restybuddy/Presentation/Api/index_dev.php:10
Stack trace:
#0 /source/restybuddy/Presentation/Api/index_dev.php(10): Yaf_Application->run()
#1 {main}
  thrown in /source/restybuddy/Presentation/Api/index_dev.php on line 10
[28-May-2012 19:42:06 UTC] PHP Warning:  mkdir(): No such file or directory in /source/restybuddy/Library/Common/Upload.php on line 86
[28-May-2012 19:42:07 UTC] PHP Fatal error:  Uncaught exception 'Yaf_Exception_LoadFailed_Controller' with message 'Could not find controller script /source/restybuddy/Presentation/Api/application/controllers/Favicon.ico.php' in /source/restybuddy/Presentation/Api/index_dev.php:10
Stack trace:
#0 /source/restybuddy/Presentation/Api/index_dev.php(10): Yaf_Application->run()
#1 {main}
  thrown in /source/restybuddy/Presentation/Api/index_dev.php on line 10
[28-May-2012 19:43:49 UTC] PHP Warning:  mkdir(): No such file or directory in /source/restybuddy/Library/Common/Upload.php on line 86
[28-May-2012 19:43:49 UTC] 
[28-May-2012 19:43:49 UTC] PHP Fatal error:  Uncaught exception 'Yaf_Exception_LoadFailed_Controller' with message 'Could not find controller script /source/restybuddy/Presentation/Api/application/controllers/Favicon.ico.php' in /source/restybuddy/Presentation/Api/index_dev.php:10
Stack trace:
#0 /source/restybuddy/Presentation/Api/index_dev.php(10): Yaf_Application->run()
#1 {main}
  thrown in /source/restybuddy/Presentation/Api/index_dev.php on line 10
[28-May-2012 19:44:08 UTC] PHP Warning:  mkdir(): No such file or directory in /source/restybuddy/Library/Common/Upload.php on line 86
[28-May-2012 19:44:08 UTC] 
[28-May-2012 19:44:08 UTC] PHP Fatal error:  Uncaught exception 'Yaf_Exception_LoadFailed_Controller' with message 'Could not find controller script /source/restybuddy/Presentation/Api/application/controllers/Favicon.ico.php' in /source/restybuddy/Presentation/Api/index_dev.php:10
Stack trace:
#0 /source/restybuddy/Presentation/Api/index_dev.php(10): Yaf_Application->run()
#1 {main}
  thrown in /source/restybuddy/Presentation/Api/index_dev.php on line 10
[28-May-2012 19:45:14 UTC] path:/source/restybuddy/Presentation/Image/images
[28-May-2012 19:45:14 UTC] PHP Fatal error:  Uncaught exception 'Yaf_Exception_LoadFailed_Controller' with message 'Could not find controller script /source/restybuddy/Presentation/Api/application/controllers/Favicon.ico.php' in /source/restybuddy/Presentation/Api/index_dev.php:10
Stack trace:
#0 /source/restybuddy/Presentation/Api/index_dev.php(10): Yaf_Application->run()
#1 {main}
  thrown in /source/restybuddy/Presentation/Api/index_dev.php on line 10
[28-May-2012 19:45:35 UTC] path:/source/restybuddy/Presentation/Image/images
[28-May-2012 19:45:36 UTC] PHP Fatal error:  Uncaught exception 'Yaf_Exception_LoadFailed_Controller' with message 'Could not find controller script /source/restybuddy/Presentation/Api/application/controllers/Favicon.ico.php' in /source/restybuddy/Presentation/Api/index_dev.php:10
Stack trace:
#0 /source/restybuddy/Presentation/Api/index_dev.php(10): Yaf_Application->run()
#1 {main}
  thrown in /source/restybuddy/Presentation/Api/index_dev.php on line 10
[28-May-2012 21:08:40 UTC] PHP Fatal error:  Uncaught exception 'Yaf_Exception_LoadFailed_Controller' with message 'Could not find controller script /source/restybuddy/Presentation/Api/application/controllers/Favicon.ico.php' in /source/restybuddy/Presentation/Api/index_dev.php:10
Stack trace:
#0 /source/restybuddy/Presentation/Api/index_dev.php(10): Yaf_Application->run()
#1 {main}
  thrown in /source/restybuddy/Presentation/Api/index_dev.php on line 10
[28-May-2012 21:48:35 UTC] PHP Fatal error:  Call to undefined function Common_Upyun() in /source/restybuddy/Library/Common/Upload.php on line 231
[28-May-2012 22:02:45 UTC] PHP Fatal error:  Call to undefined function Common_Upyun() in /source/restybuddy/Library/Common/Upload.php on line 231
[28-May-2012 22:04:03 UTC] PHP Fatal error:  Call to undefined method Common_Upyun::input() in /source/restybuddy/Library/Common/Upload.php on line 232
[28-May-2012 22:06:27 UTC] PHP Fatal error:  Call to undefined method Common_Upyun::input() in /source/restybuddy/Library/Common/Upload.php on line 232
[28-May-2012 22:08:38 UTC] /source/restybuddy/Presentation/Image/images/dd.jpg     13382429183159741.jpg
[28-May-2012 22:14:07 UTC] /source/restybuddy/Presentation/Image/images/13382432472392342.jpg     13382432472392342.jpg
[28-May-2012 22:14:07 UTC] PHP Fatal error:  Call to undefined method Common_Upyun::input() in /source/restybuddy/Library/Common/Upload.php on line 236
[28-May-2012 22:16:21 UTC] /source/restybuddy/Presentation/Image/images/13382433817585691.jpg     13382433817585691.jpg
[28-May-2012 22:19:07 UTC] /source/restybuddy/Presentation/Image/images/13382435479957491.jpg     13382435479957491.jpg
[28-May-2012 22:20:01 UTC] /source/restybuddy/Presentation/Image/images/13382436014921750.jpg     13382436014921750.jpg
[28-May-2012 22:23:51 UTC] /source/restybuddy/Presentation/Image/images/13382438319242341.jpg     13382438319242341.jpg
[28-May-2012 22:40:16 UTC] /source/restybuddy/Presentation/Image/images/13382448163961080.jpg     13382448163961080.jpg
[28-May-2012 22:40:28 UTC] PHP Warning:  date(): It is not safe to rely on the system's timezone settings. You are *required* to use the date.timezone setting or the date_default_timezone_set() function. In case you used any of those methods and you are still getting this warning, you most likely misspelled the timezone identifier. We selected the timezone 'UTC' for now, but please set date.timezone to select your timezone. in /source/restybuddy/Library/Common/Log.php on line 220
[28-May-2012 22:43:55 UTC] /source/restybuddy/Presentation/Image/images/13382450355746402.jpg     13382450355746402.jpg
[28-May-2012 22:43:55 UTC] /source/restybuddy/Presentation/Image/images/13382450355746402.jpg   13382450355746402.jpg
[28-May-2012 22:44:08 UTC] PHP Warning:  date(): It is not safe to rely on the system's timezone settings. You are *required* to use the date.timezone setting or the date_default_timezone_set() function. In case you used any of those methods and you are still getting this warning, you most likely misspelled the timezone identifier. We selected the timezone 'UTC' for now, but please set date.timezone to select your timezone. in /source/restybuddy/Library/Common/Log.php on line 220
[28-May-2012 22:47:58 UTC] PHP Notice:  Undefined property: Common_Upload::$autoSub in /source/restybuddy/Library/Common/Upload.php on line 311
[28-May-2012 22:47:58 UTC] /source/restybuddy/Presentation/Image/images/13382452787443091.jpg     13382452787443091.jpg
[28-May-2012 22:47:58 UTC] /source/restybuddy/Presentation/Image/images/13382452787443091.jpg   13382452787443091.jpg
[28-May-2012 22:48:13 UTC] PHP Warning:  date(): It is not safe to rely on the system's timezone settings. You are *required* to use the date.timezone setting or the date_default_timezone_set() function. In case you used any of those methods and you are still getting this warning, you most likely misspelled the timezone identifier. We selected the timezone 'UTC' for now, but please set date.timezone to select your timezone. in /source/restybuddy/Library/Common/Log.php on line 220
[28-May-2012 22:48:13 UTC] updfile:/source/restybuddy/Presentation/Image/images/13382452787443091.jpg
[28-May-2012 22:49:21 UTC] PHP Notice:  Undefined property: Common_Upload::$autoSub in /source/restybuddy/Library/Common/Upload.php on line 311
[28-May-2012 22:49:21 UTC] /source/restybuddy/Presentation/Image/images/13382453614602480.jpg     13382453614602480.jpg
[28-May-2012 22:49:21 UTC] /source/restybuddy/Presentation/Image/images/13382453614602480.jpg   13382453614602480.jpg
[28-May-2012 22:49:33 UTC] PHP Warning:  date(): It is not safe to rely on the system's timezone settings. You are *required* to use the date.timezone setting or the date_default_timezone_set() function. In case you used any of those methods and you are still getting this warning, you most likely misspelled the timezone identifier. We selected the timezone 'UTC' for now, but please set date.timezone to select your timezone. in /source/restybuddy/Library/Common/Log.php on line 220
[28-May-2012 22:49:33 UTC] updfile:13382453614602480.jpg
[28-May-2012 22:51:28 UTC] PHP Notice:  Undefined property: Common_Upload::$autoSub in /source/restybuddy/Library/Common/Upload.php on line 311
[28-May-2012 22:51:28 UTC] /source/restybuddy/Presentation/Image/images/13382454888568041.xlsx   13382454888568041.xlsx
[28-May-2012 22:51:29 UTC] PHP Warning:  date(): It is not safe to rely on the system's timezone settings. You are *required* to use the date.timezone setting or the date_default_timezone_set() function. In case you used any of those methods and you are still getting this warning, you most likely misspelled the timezone identifier. We selected the timezone 'UTC' for now, but please set date.timezone to select your timezone. in /source/restybuddy/Library/Common/Log.php on line 220
[28-May-2012 22:51:29 UTC] updfile:13382454888568041.xlsx
[28-May-2012 23:02:11 UTC] PHP Notice:  Undefined property: Common_Upload::$autoSub in /source/restybuddy/Library/Common/Upload.php on line 262
[28-May-2012 23:02:11 UTC] PHP Warning:  move_uploaded_file(/source/restybuddy/Presentation/Temp/file/13382461320029470.xlsx): failed to open stream: No such file or directory in /source/restybuddy/Library/Common/Upload.php on line 188
[28-May-2012 23:02:11 UTC] PHP Warning:  move_uploaded_file(): Unable to move '/tmp/phpLpJzwz' to '/source/restybuddy/Presentation/Temp/file/13382461320029470.xlsx' in /source/restybuddy/Library/Common/Upload.php on line 188
[28-May-2012 23:02:11 UTC] updfile:
[28-May-2012 23:02:55 UTC] PHP Notice:  Undefined property: Common_Upload::$autoSub in /source/restybuddy/Library/Common/Upload.php on line 262
[28-May-2012 23:02:55 UTC] PHP Warning:  move_uploaded_file(/source/restybuddy/Presentation/Temp/file/13382461752025541.xlsx): failed to open stream: No such file or directory in /source/restybuddy/Library/Common/Upload.php on line 188
[28-May-2012 23:02:55 UTC] PHP Warning:  move_uploaded_file(): Unable to move '/tmp/phpHxm0Gf' to '/source/restybuddy/Presentation/Temp/file/13382461752025541.xlsx' in /source/restybuddy/Library/Common/Upload.php on line 188
[28-May-2012 23:02:55 UTC] updfile:
[28-May-2012 23:03:39 UTC] PHP Notice:  Undefined property: Common_Upload::$autoSub in /source/restybuddy/Library/Common/Upload.php on line 263
[28-May-2012 23:03:39 UTC] file:/source/restybuddy/Presentation/Temp/file/13382462192463741.xlsx
[28-May-2012 23:03:39 UTC] PHP Warning:  move_uploaded_file(/source/restybuddy/Presentation/Temp/file/13382462192463741.xlsx): failed to open stream: No such file or directory in /source/restybuddy/Library/Common/Upload.php on line 189
[28-May-2012 23:03:39 UTC] PHP Warning:  move_uploaded_file(): Unable to move '/tmp/phpPNTWw8' to '/source/restybuddy/Presentation/Temp/file/13382462192463741.xlsx' in /source/restybuddy/Library/Common/Upload.php on line 189
[28-May-2012 23:03:39 UTC] updfile:
[28-May-2012 23:04:40 UTC] PHP Notice:  Undefined property: Common_Upload::$autoSub in /source/restybuddy/Library/Common/Upload.php on line 263
[28-May-2012 23:04:40 UTC] file:/source/restybuddy/Presentation/Temp/file/13382462809888270.xlsx
[28-May-2012 23:04:40 UTC] /source/restybuddy/Presentation/Temp/file/13382462809888270.xlsx   13382462809888270.xlsx
[28-May-2012 23:04:42 UTC] PHP Warning:  date(): It is not safe to rely on the system's timezone settings. You are *required* to use the date.timezone setting or the date_default_timezone_set() function. In case you used any of those methods and you are still getting this warning, you most likely misspelled the timezone identifier. We selected the timezone 'UTC' for now, but please set date.timezone to select your timezone. in /source/restybuddy/Library/Common/Log.php on line 220
[28-May-2012 23:04:42 UTC] updfile:13382462809888270.xlsx
[28-May-2012 23:05:08 UTC] PHP Notice:  Undefined property: Common_Upload::$autoSub in /source/restybuddy/Library/Common/Upload.php on line 263
[28-May-2012 23:05:08 UTC] file:/source/restybuddy/Presentation/Temp/image/13382463082683550.jpg
[28-May-2012 23:05:08 UTC] /source/restybuddy/Presentation/Temp/image/13382463082683550.jpg   13382463082683550.jpg
[28-May-2012 23:05:18 UTC] PHP Warning:  date(): It is not safe to rely on the system's timezone settings. You are *required* to use the date.timezone setting or the date_default_timezone_set() function. In case you used any of those methods and you are still getting this warning, you most likely misspelled the timezone identifier. We selected the timezone 'UTC' for now, but please set date.timezone to select your timezone. in /source/restybuddy/Library/Common/Log.php on line 220
[28-May-2012 23:05:18 UTC] updfile:13382463082683550.jpg
[28-May-2012 23:13:20 UTC] PHP Notice:  Undefined property: Common_Upload::$autoSub in /source/restybuddy/Library/Common/Upload.php on line 213
[28-May-2012 23:13:20 UTC] file:/source/restybuddy/Presentation/Temp/image/13382468006257711.jpg
[28-May-2012 23:13:20 UTC] /source/restybuddy/Presentation/Temp/image/13382468006257711.jpg   13382468006257711.jpg
[28-May-2012 23:13:32 UTC] PHP Warning:  date(): It is not safe to rely on the system's timezone settings. You are *required* to use the date.timezone setting or the date_default_timezone_set() function. In case you used any of those methods and you are still getting this warning, you most likely misspelled the timezone identifier. We selected the timezone 'UTC' for now, but please set date.timezone to select your timezone. in /source/restybuddy/Library/Common/Log.php on line 220
[28-May-2012 23:13:32 UTC] updfile:13382468006257711.jpg
[28-May-2012 23:26:08 UTC] PHP Notice:  Undefined property: Common_Upload::$autoSub in /source/restybuddy/Library/Common/Upload.php on line 213
[28-May-2012 23:26:08 UTC] file:/source/restybuddy/Presentation//image/13382475684132611.jpg
[28-May-2012 23:26:08 UTC] PHP Warning:  move_uploaded_file(/source/restybuddy/Presentation//image/13382475684132611.jpg): failed to open stream: No such file or directory in /source/restybuddy/Library/Common/Upload.php on line 164
[28-May-2012 23:26:08 UTC] PHP Warning:  move_uploaded_file(): Unable to move '/tmp/phpuxrjze' to '/source/restybuddy/Presentation//image/13382475684132611.jpg' in /source/restybuddy/Library/Common/Upload.php on line 164
[28-May-2012 23:26:08 UTC] updfile:
[28-May-2012 23:28:34 UTC] file:/source/restybuddy/Presentation/Temp/image/13382477140052341.jpg
[28-May-2012 23:28:34 UTC] /source/restybuddy/Presentation/Temp/image/13382477140052341.jpg   13382477140052341.jpg
[28-May-2012 23:28:46 UTC] PHP Warning:  date(): It is not safe to rely on the system's timezone settings. You are *required* to use the date.timezone setting or the date_default_timezone_set() function. In case you used any of those methods and you are still getting this warning, you most likely misspelled the timezone identifier. We selected the timezone 'UTC' for now, but please set date.timezone to select your timezone. in /source/restybuddy/Library/Common/Log.php on line 220
[28-May-2012 23:28:46 UTC] updfile:http://img002.img.woshimaijia.com/image/13382477140052341.jpg
[28-May-2012 23:31:14 UTC] file:/source/restybuddy/Presentation/Temp/file/13382478748529831.xlsx
[28-May-2012 23:31:14 UTC] /source/restybuddy/Presentation/Temp/file/13382478748529831.xlsx   13382478748529831.xlsx
[28-May-2012 23:31:16 UTC] updfile:http://f0.file.woshimaijia.com/file/13382478748529831.xlsx
[29-May-2012 01:07:01 UTC] PHP Warning:  chmod(): No such file or directory in /Wsmjdev/try/API/Tasks/RemoveLargeLogs.php on line 30
[02-Jun-2012 18:15:38 UTC] PHP Fatal error:  Uncaught exception 'Yaf_Exception_LoadFailed_Controller' with message 'Could not find controller script /source/restybuddy/Presentation/Api/application/controllers/Favicon.ico.php' in /source/restybuddy/Presentation/Api/index_dev.php:10
Stack trace:
#0 /source/restybuddy/Presentation/Api/index_dev.php(10): Yaf_Application->run()
#1 {main}
  thrown in /source/restybuddy/Presentation/Api/index_dev.php on line 10
[02-Jun-2012 18:15:46 UTC] PHP Fatal error:  Uncaught exception 'Yaf_Exception_LoadFailed_Controller' with message 'Could not find controller script /source/restybuddy/Presentation/Api/application/controllers/Favicon.ico.php' in /source/restybuddy/Presentation/Api/index_dev.php:10
Stack trace:
#0 /source/restybuddy/Presentation/Api/index_dev.php(10): Yaf_Application->run()
#1 {main}
  thrown in /source/restybuddy/Presentation/Api/index_dev.php on line 10
[02-Jun-2012 18:46:22 UTC] PHP Fatal error:  Uncaught exception 'Yaf_Exception_LoadFailed_Controller' with message 'Could not find controller script /source/restybuddy/Presentation/Api/application/controllers/Id.php' in /source/restybuddy/Presentation/Api/index_dev.php:10
Stack trace:
#0 /source/restybuddy/Presentation/Api/index_dev.php(10): Yaf_Application->run()
#1 {main}
  thrown in /source/restybuddy/Presentation/Api/index_dev.php on line 10
[02-Jun-2012 18:46:22 UTC] PHP Fatal error:  Uncaught exception 'Yaf_Exception_LoadFailed_Controller' with message 'Could not find controller script /source/restybuddy/Presentation/Api/application/controllers/Favicon.ico.php' in /source/restybuddy/Presentation/Api/index_dev.php:10
Stack trace:
#0 /source/restybuddy/Presentation/Api/index_dev.php(10): Yaf_Application->run()
#1 {main}
  thrown in /source/restybuddy/Presentation/Api/index_dev.php on line 10
[02-Jun-2012 18:46:57 UTC] PHP Fatal error:  Uncaught exception 'Yaf_Exception_LoadFailed_Controller' with message 'Could not find controller script /source/restybuddy/Presentation/Api/application/controllers/Id.php' in /source/restybuddy/Presentation/Api/index_dev.php:10
Stack trace:
#0 /source/restybuddy/Presentation/Api/index_dev.php(10): Yaf_Application->run()
#1 {main}
  thrown in /source/restybuddy/Presentation/Api/index_dev.php on line 10
[02-Jun-2012 18:46:57 UTC] PHP Fatal error:  Uncaught exception 'Yaf_Exception_LoadFailed_Controller' with message 'Could not find controller script /source/restybuddy/Presentation/Api/application/controllers/Favicon.ico.php' in /source/restybuddy/Presentation/Api/index_dev.php:10
Stack trace:
#0 /source/restybuddy/Presentation/Api/index_dev.php(10): Yaf_Application->run()
#1 {main}
  thrown in /source/restybuddy/Presentation/Api/index_dev.php on line 10
[02-Jun-2012 18:53:09 UTC] PHP Fatal error:  Uncaught exception 'Yaf_Exception_LoadFailed_Controller' with message 'Could not find controller script /source/restybuddy/Presentation/Api/application/controllers/Favicon.ico.php' in /source/restybuddy/Presentation/Api/index_dev.php:10
Stack trace:
#0 /source/restybuddy/Presentation/Api/index_dev.php(10): Yaf_Application->run()
#1 {main}
  thrown in /source/restybuddy/Presentation/Api/index_dev.php on line 10
[02-Jun-2012 19:29:31 UTC] PHP Fatal error:  Uncaught exception 'Yaf_Exception_LoadFailed_Controller' with message 'Could not find controller script /source/restybuddy/Presentation/Api/application/controllers/Favicon.ico.php' in /source/restybuddy/Presentation/Api/index_dev.php:10
Stack trace:
#0 /source/restybuddy/Presentation/Api/index_dev.php(10): Yaf_Application->run()
#1 {main}
  thrown in /source/restybuddy/Presentation/Api/index_dev.php on line 10
[02-Jun-2012 20:36:07 UTC] PHP Fatal error:  Uncaught exception 'RedisException' with message 'Redis server went away' in /source/restybuddy/Library/Business/Stream.php:21
Stack trace:
#0 /source/restybuddy/Library/Business/Stream.php(21): Redis->get('d:v:lastpost:33...')
#1 /source/restybuddy/Library/Business/Stream.php(33): Business_Stream->isPost()
#2 /source/restybuddy/Env/functions.php(264): Business_Stream->updateStream()
#3 /source/restybuddy/Presentation/Api/application/controllers/Stream.php(12): Q('Business_Stream', Array, 'updateStream')
#4 [internal function]: StreamController->updateAction()
#5 /source/restybuddy/Presentation/Api/index_dev.php(10): Yaf_Application->run()
#6 {main}
  thrown in /source/restybuddy/Library/Business/Stream.php on line 21
[02-Jun-2012 20:37:01 UTC] PHP Notice:  Undefined property: Business_Stream::$lastpost in /source/restybuddy/Library/Business/Stream.php on line 22
[02-Jun-2012 20:37:01 UTC] PHP Fatal error:  Uncaught exception 'Exception' with message 'get master.master node config error' in /source/restybuddy/Library/Sharding/Redis.php:25
Stack trace:
#0 /source/restybuddy/Library/Sharding/Redis.php(127): Sharding_Redis::instance('master')
#1 /source/restybuddy/Library/Business/Stream.php(36): Sharding_Redis::objectSet('d:h:stream:1338...', Array)
#2 /source/restybuddy/Env/functions.php(264): Business_Stream->updateStream()
#3 /source/restybuddy/Presentation/Api/application/controllers/Stream.php(12): Q('Business_Stream', Array, 'updateStream')
#4 [internal function]: StreamController->updateAction()
#5 /source/restybuddy/Presentation/Api/index_dev.php(10): Yaf_Application->run()
#6 {main}
  thrown in /source/restybuddy/Library/Sharding/Redis.php on line 25
[02-Jun-2012 20:43:29 UTC] PHP Notice:  Undefined property: Business_Stream::$lastpost in /source/restybuddy/Library/Business/Stream.php on line 22
[02-Jun-2012 20:43:29 UTC] PHP Notice:  Array to string conversion in /source/restybuddy/Library/Sharding/Redis.php on line 174
[02-Jun-2012 20:56:01 UTC] PHP Notice:  Array to string conversion in /source/restybuddy/Library/Sharding/Redis.php on line 174
[02-Jun-2012 21:01:53 UTC] file:/source/restybuddy/Presentation/Resource/image/13386709137600841.jpg
[02-Jun-2012 21:01:53 UTC] /source/restybuddy/Presentation/Resource/image/13386709137600841.jpg   13386709137600841.jpg
[02-Jun-2012 21:02:23 UTC] PHP Notice:  Use of undefined constant flase - assumed 'flase' in /source/restybuddy/Library/Common/Upload.php on line 172
[02-Jun-2012 21:02:23 UTC] updfile:flase
[02-Jun-2012 21:11:33 UTC] file:/source/restybuddy/Presentation/Resource/image/13386714934162281.jpg
[02-Jun-2012 21:11:33 UTC] /source/restybuddy/Presentation/Resource/image/13386714934162281.jpg   13386714934162281.jpg
[02-Jun-2012 21:11:53 UTC] updfile:http://img002.img.woshimaijia.com/image/13386714934162281.jpg
[02-Jun-2012 22:00:53 UTC] PHP Fatal error:  Uncaught exception 'Yaf_Exception_LoadFailed_Controller' with message 'Could not find controller script /source/restybuddy/Presentation/Api/application/controllers/Favicon.ico.php' in /source/restybuddy/Presentation/Api/index_dev.php:10
Stack trace:
#0 /source/restybuddy/Presentation/Api/index_dev.php(10): Yaf_Application->run()
#1 {main}
  thrown in /source/restybuddy/Presentation/Api/index_dev.php on line 10
[02-Jun-2012 22:02:46 UTC] PHP Fatal error:  Uncaught exception 'Yaf_Exception_LoadFailed_Action' with message 'There is no method destoryAction in StreamController' in /source/restybuddy/Presentation/Api/index_dev.php:10
Stack trace:
#0 /source/restybuddy/Presentation/Api/index_dev.php(10): Yaf_Application->run()
#1 {main}
  thrown in /source/restybuddy/Presentation/Api/index_dev.php on line 10
[02-Jun-2012 22:04:50 UTC] PHP Fatal error:  Uncaught exception 'Yaf_Exception_LoadFailed_Controller' with message 'Could not find controller script /source/restybuddy/Presentation/Api/application/controllers/Favicon.ico.php' in /source/restybuddy/Presentation/Api/index_dev.php:10
Stack trace:
#0 /source/restybuddy/Presentation/Api/index_dev.php(10): Yaf_Application->run()
#1 {main}
  thrown in /source/restybuddy/Presentation/Api/index_dev.php on line 10
[02-Jun-2012 22:04:58 UTC] PHP Fatal error:  Uncaught exception 'Yaf_Exception_LoadFailed_Controller' with message 'Could not find controller script /source/restybuddy/Presentation/Api/application/controllers/Favicon.ico.php' in /source/restybuddy/Presentation/Api/index_dev.php:10
Stack trace:
#0 /source/restybuddy/Presentation/Api/index_dev.php(10): Yaf_Application->run()
#1 {main}
  thrown in /source/restybuddy/Presentation/Api/index_dev.php on line 10
[02-Jun-2012 22:20:48 UTC] PHP Fatal error:  Uncaught exception 'Yaf_Exception_LoadFailed_Controller' with message 'Could not find controller script /source/restybuddy/Presentation/Api/application/controllers/Favicon.ico.php' in /source/restybuddy/Presentation/Api/index_dev.php:10
Stack trace:
#0 /source/restybuddy/Presentation/Api/index_dev.php(10): Yaf_Application->run()
#1 {main}
  thrown in /source/restybuddy/Presentation/Api/index_dev.php on line 10
[02-Jun-2012 22:20:57 UTC] PHP Notice:  Undefined variable: r in /source/restybuddy/Library/Sharding/Redis.php on line 68
[02-Jun-2012 22:20:57 UTC] PHP Fatal error:  Call to a member function lRem() on a non-object in /source/restybuddy/Library/Sharding/Redis.php on line 68
[02-Jun-2012 22:20:58 UTC] PHP Fatal error:  Uncaught exception 'Yaf_Exception_LoadFailed_Controller' with message 'Could not find controller script /source/restybuddy/Presentation/Api/application/controllers/Favicon.ico.php' in /source/restybuddy/Presentation/Api/index_dev.php:10
Stack trace:
#0 /source/restybuddy/Presentation/Api/index_dev.php(10): Yaf_Application->run()
#1 {main}
  thrown in /source/restybuddy/Presentation/Api/index_dev.php on line 10
[02-Jun-2012 22:21:52 UTC] PHP Fatal error:  Uncaught exception 'Yaf_Exception_LoadFailed_Controller' with message 'Could not find controller script /source/restybuddy/Presentation/Api/application/controllers/Favicon.ico.php' in /source/restybuddy/Presentation/Api/index_dev.php:10
Stack trace:
#0 /source/restybuddy/Presentation/Api/index_dev.php(10): Yaf_Application->run()
#1 {main}
  thrown in /source/restybuddy/Presentation/Api/index_dev.php on line 10
[02-Jun-2012 22:42:01 UTC] PHP Warning:  chmod(): No such file or directory in /Wsmjdev/try/API/Tasks/RemoveLargeLogs.php on line 30
[03-Jun-2012 02:59:17 UTC] PHP Parse error:  syntax error, unexpected '$getKey' (T_VARIABLE) in /source/restybuddy/Library/Business/Comment.php on line 78
[03-Jun-2012 03:00:22 UTC] PHP Parse error:  syntax error, unexpected '$getKey' (T_VARIABLE) in /source/restybuddy/Library/Business/Comment.php on line 78
[03-Jun-2012 03:00:45 UTC] PHP Parse error:  syntax error, unexpected end of file, expecting function (T_FUNCTION) in /source/restybuddy/Library/Business/Comment.php on line 83
[03-Jun-2012 03:04:22 UTC] PHP Fatal error:  Uncaught exception 'Yaf_Exception_LoadFailed_Controller' with message 'Could not find controller script /source/restybuddy/Presentation/Api/application/controllers/Favicon.ico.php' in /source/restybuddy/Presentation/Api/index_dev.php:10
Stack trace:
#0 /source/restybuddy/Presentation/Api/index_dev.php(10): Yaf_Application->run()
#1 {main}
  thrown in /source/restybuddy/Presentation/Api/index_dev.php on line 10
[03-Jun-2012 03:04:55 UTC] PHP Fatal error:  Uncaught exception 'Yaf_Exception_LoadFailed_Controller' with message 'Could not find controller script /source/restybuddy/Presentation/Api/application/controllers/Favicon.ico.php' in /source/restybuddy/Presentation/Api/index_dev.php:10
Stack trace:
#0 /source/restybuddy/Presentation/Api/index_dev.php(10): Yaf_Application->run()
#1 {main}
  thrown in /source/restybuddy/Presentation/Api/index_dev.php on line 10
[03-Jun-2012 03:06:25 UTC] PHP Fatal error:  Uncaught exception 'Yaf_Exception_LoadFailed_Controller' with message 'Could not find controller script /source/restybuddy/Presentation/Api/application/controllers/Favicon.ico.php' in /source/restybuddy/Presentation/Api/index_dev.php:10
Stack trace:
#0 /source/restybuddy/Presentation/Api/index_dev.php(10): Yaf_Application->run()
#1 {main}
  thrown in /source/restybuddy/Presentation/Api/index_dev.php on line 10
[03-Jun-2012 03:07:56 UTC] PHP Fatal error:  Uncaught exception 'Yaf_Exception_LoadFailed_Controller' with message 'Could not find controller script /source/restybuddy/Presentation/Api/application/controllers/Favicon.ico.php' in /source/restybuddy/Presentation/Api/index_dev.php:10
Stack trace:
#0 /source/restybuddy/Presentation/Api/index_dev.php(10): Yaf_Application->run()
#1 {main}
  thrown in /source/restybuddy/Presentation/Api/index_dev.php on line 10
[03-Jun-2012 03:08:57 UTC] PHP Fatal error:  Uncaught exception 'Yaf_Exception_LoadFailed_Controller' with message 'Could not find controller script /source/restybuddy/Presentation/Api/application/controllers/Favicon.ico.php' in /source/restybuddy/Presentation/Api/index_dev.php:10
Stack trace:
#0 /source/restybuddy/Presentation/Api/index_dev.php(10): Yaf_Application->run()
#1 {main}
  thrown in /source/restybuddy/Presentation/Api/index_dev.php on line 10
[03-Jun-2012 03:09:03 UTC] PHP Fatal error:  Uncaught exception 'Yaf_Exception_LoadFailed_Controller' with message 'Could not find controller script /source/restybuddy/Presentation/Api/application/controllers/Favicon.ico.php' in /source/restybuddy/Presentation/Api/index_dev.php:10
Stack trace:
#0 /source/restybuddy/Presentation/Api/index_dev.php(10): Yaf_Application->run()
#1 {main}
  thrown in /source/restybuddy/Presentation/Api/index_dev.php on line 10
[03-Jun-2012 03:15:55 UTC] PHP Fatal error:  Uncaught exception 'Yaf_Exception_LoadFailed_Controller' with message 'Could not find controller script /source/restybuddy/Presentation/Api/application/controllers/Favicon.ico.php' in /source/restybuddy/Presentation/Api/index_dev.php:10
Stack trace:
#0 /source/restybuddy/Presentation/Api/index_dev.php(10): Yaf_Application->run()
#1 {main}
  thrown in /source/restybuddy/Presentation/Api/index_dev.php on line 10
[03-Jun-2012 03:16:01 UTC] PHP Fatal error:  Uncaught exception 'Yaf_Exception_LoadFailed_Controller' with message 'Could not find controller script /source/restybuddy/Presentation/Api/application/controllers/Favicon.ico.php' in /source/restybuddy/Presentation/Api/index_dev.php:10
Stack trace:
#0 /source/restybuddy/Presentation/Api/index_dev.php(10): Yaf_Application->run()
#1 {main}
  thrown in /source/restybuddy/Presentation/Api/index_dev.php on line 10
[03-Jun-2012 03:16:06 UTC] PHP Fatal error:  Uncaught exception 'Yaf_Exception_LoadFailed_Controller' with message 'Could not find controller script /source/restybuddy/Presentation/Api/application/controllers/Favicon.ico.php' in /source/restybuddy/Presentation/Api/index_dev.php:10
Stack trace:
#0 /source/restybuddy/Presentation/Api/index_dev.php(10): Yaf_Application->run()
#1 {main}
  thrown in /source/restybuddy/Presentation/Api/index_dev.php on line 10
[03-Jun-2012 03:18:23 UTC] PHP Fatal error:  Uncaught exception 'Yaf_Exception_LoadFailed_Controller' with message 'Could not find controller script /source/restybuddy/Presentation/Api/application/controllers/Favicon.ico.php' in /source/restybuddy/Presentation/Api/index_dev.php:10
Stack trace:
#0 /source/restybuddy/Presentation/Api/index_dev.php(10): Yaf_Application->run()
#1 {main}
  thrown in /source/restybuddy/Presentation/Api/index_dev.php on line 10
[03-Jun-2012 03:18:30 UTC] PHP Fatal error:  Uncaught exception 'Yaf_Exception_LoadFailed_Controller' with message 'Could not find controller script /source/restybuddy/Presentation/Api/application/controllers/Favicon.ico.php' in /source/restybuddy/Presentation/Api/index_dev.php:10
Stack trace:
#0 /source/restybuddy/Presentation/Api/index_dev.php(10): Yaf_Application->run()
#1 {main}
  thrown in /source/restybuddy/Presentation/Api/index_dev.php on line 10
[03-Jun-2012 03:18:33 UTC] PHP Fatal error:  Uncaught exception 'Yaf_Exception_LoadFailed_Controller' with message 'Could not find controller script /source/restybuddy/Presentation/Api/application/controllers/Favicon.ico.php' in /source/restybuddy/Presentation/Api/index_dev.php:10
Stack trace:
#0 /source/restybuddy/Presentation/Api/index_dev.php(10): Yaf_Application->run()
#1 {main}
  thrown in /source/restybuddy/Presentation/Api/index_dev.php on line 10
[03-Jun-2012 03:18:50 UTC] PHP Fatal error:  Uncaught exception 'Yaf_Exception_LoadFailed_Action' with message 'There is no method destoryAction in CommentController' in /source/restybuddy/Presentation/Api/index_dev.php:10
Stack trace:
#0 /source/restybuddy/Presentation/Api/index_dev.php(10): Yaf_Application->run()
#1 {main}
  thrown in /source/restybuddy/Presentation/Api/index_dev.php on line 10
[03-Jun-2012 03:18:51 UTC] PHP Fatal error:  Uncaught exception 'Yaf_Exception_LoadFailed_Controller' with message 'Could not find controller script /source/restybuddy/Presentation/Api/application/controllers/Favicon.ico.php' in /source/restybuddy/Presentation/Api/index_dev.php:10
Stack trace:
#0 /source/restybuddy/Presentation/Api/index_dev.php(10): Yaf_Application->run()
#1 {main}
  thrown in /source/restybuddy/Presentation/Api/index_dev.php on line 10
[03-Jun-2012 03:19:08 UTC] PHP Fatal error:  Uncaught exception 'Yaf_Exception_LoadFailed_Action' with message 'There is no method destoryAction in CommentController' in /source/restybuddy/Presentation/Api/index_dev.php:10
Stack trace:
#0 /source/restybuddy/Presentation/Api/index_dev.php(10): Yaf_Application->run()
#1 {main}
  thrown in /source/restybuddy/Presentation/Api/index_dev.php on line 10
[03-Jun-2012 03:19:09 UTC] PHP Fatal error:  Uncaught exception 'Yaf_Exception_LoadFailed_Controller' with message 'Could not find controller script /source/restybuddy/Presentation/Api/application/controllers/Favicon.ico.php' in /source/restybuddy/Presentation/Api/index_dev.php:10
Stack trace:
#0 /source/restybuddy/Presentation/Api/index_dev.php(10): Yaf_Application->run()
#1 {main}
  thrown in /source/restybuddy/Presentation/Api/index_dev.php on line 10
[03-Jun-2012 03:19:33 UTC] PHP Fatal error:  Uncaught exception 'Yaf_Exception_LoadFailed_Controller' with message 'Could not find controller script /source/restybuddy/Presentation/Api/application/controllers/Favicon.ico.php' in /source/restybuddy/Presentation/Api/index_dev.php:10
Stack trace:
#0 /source/restybuddy/Presentation/Api/index_dev.php(10): Yaf_Application->run()
#1 {main}
  thrown in /source/restybuddy/Presentation/Api/index_dev.php on line 10
[03-Jun-2012 03:19:39 UTC] PHP Fatal error:  Uncaught exception 'Yaf_Exception_LoadFailed_Controller' with message 'Could not find controller script /source/restybuddy/Presentation/Api/application/controllers/Favicon.ico.php' in /source/restybuddy/Presentation/Api/index_dev.php:10
Stack trace:
#0 /source/restybuddy/Presentation/Api/index_dev.php(10): Yaf_Application->run()
#1 {main}
  thrown in /source/restybuddy/Presentation/Api/index_dev.php on line 10
[03-Jun-2012 03:19:43 UTC] PHP Fatal error:  Uncaught exception 'Yaf_Exception_LoadFailed_Controller' with message 'Could not find controller script /source/restybuddy/Presentation/Api/application/controllers/Favicon.ico.php' in /source/restybuddy/Presentation/Api/index_dev.php:10
Stack trace:
#0 /source/restybuddy/Presentation/Api/index_dev.php(10): Yaf_Application->run()
#1 {main}
  thrown in /source/restybuddy/Presentation/Api/index_dev.php on line 10
[03-Jun-2012 03:19:48 UTC] PHP Fatal error:  Uncaught exception 'Yaf_Exception_LoadFailed_Controller' with message 'Could not find controller script /source/restybuddy/Presentation/Api/application/controllers/Favicon.ico.php' in /source/restybuddy/Presentation/Api/index_dev.php:10
Stack trace:
#0 /source/restybuddy/Presentation/Api/index_dev.php(10): Yaf_Application->run()
#1 {main}
  thrown in /source/restybuddy/Presentation/Api/index_dev.php on line 10
[03-Jun-2012 03:19:52 UTC] PHP Fatal error:  Uncaught exception 'Yaf_Exception_LoadFailed_Controller' with message 'Could not find controller script /source/restybuddy/Presentation/Api/application/controllers/Favicon.ico.php' in /source/restybuddy/Presentation/Api/index_dev.php:10
Stack trace:
#0 /source/restybuddy/Presentation/Api/index_dev.php(10): Yaf_Application->run()
#1 {main}
  thrown in /source/restybuddy/Presentation/Api/index_dev.php on line 10
[03-Jun-2012 03:20:32 UTC] PHP Fatal error:  Uncaught exception 'Yaf_Exception_LoadFailed_Controller' with message 'Could not find controller script /source/restybuddy/Presentation/Api/application/controllers/Favicon.ico.php' in /source/restybuddy/Presentation/Api/index_dev.php:10
Stack trace:
#0 /source/restybuddy/Presentation/Api/index_dev.php(10): Yaf_Application->run()
#1 {main}
  thrown in /source/restybuddy/Presentation/Api/index_dev.php on line 10
[03-Jun-2012 03:20:39 UTC] PHP Fatal error:  Uncaught exception 'Yaf_Exception_LoadFailed_Controller' with message 'Could not find controller script /source/restybuddy/Presentation/Api/application/controllers/Favicon.ico.php' in /source/restybuddy/Presentation/Api/index_dev.php:10
Stack trace:
#0 /source/restybuddy/Presentation/Api/index_dev.php(10): Yaf_Application->run()
#1 {main}
  thrown in /source/restybuddy/Presentation/Api/index_dev.php on line 10
[03-Jun-2012 03:22:10 UTC] PHP Fatal error:  Uncaught exception 'Yaf_Exception_LoadFailed_Controller' with message 'Could not find controller script /source/restybuddy/Presentation/Api/application/controllers/Favicon.ico.php' in /source/restybuddy/Presentation/Api/index_dev.php:10
Stack trace:
#0 /source/restybuddy/Presentation/Api/index_dev.php(10): Yaf_Application->run()
#1 {main}
  thrown in /source/restybuddy/Presentation/Api/index_dev.php on line 10
[03-Jun-2012 03:22:15 UTC] PHP Fatal error:  Uncaught exception 'Yaf_Exception_LoadFailed_Controller' with message 'Could not find controller script /source/restybuddy/Presentation/Api/application/controllers/Favicon.ico.php' in /source/restybuddy/Presentation/Api/index_dev.php:10
Stack trace:
#0 /source/restybuddy/Presentation/Api/index_dev.php(10): Yaf_Application->run()
#1 {main}
  thrown in /source/restybuddy/Presentation/Api/index_dev.php on line 10
[03-Jun-2012 06:21:56 UTC] PHP Warning:  Yaf_Loader::autoload(): Could not find script /source/restybuddy/Library/Service/User.php in /source/restybuddy/Env/functions.php on line 261
[03-Jun-2012 06:21:56 UTC] PHP Fatal error:  Uncaught exception 'Exception' with message 'Service_User is not find!' in /source/restybuddy/Env/functions.php:269
Stack trace:
#0 /source/restybuddy/Presentation/Api/application/controllers/Signup.php(12): Q('Service_User', Array, 'setUser')
#1 [internal function]: SignupController->indexAction()
#2 /source/restybuddy/Presentation/Api/index_dev.php(10): Yaf_Application->run()
#3 {main}
  thrown in /source/restybuddy/Env/functions.php on line 269
[03-Jun-2012 07:01:19 UTC] PHP Fatal error:  Uncaught exception 'Yaf_Exception_LoadFailed_Controller' with message 'Could not find controller script /source/restybuddy/Presentation/Api/application/controllers/Favicon.ico.php' in /source/restybuddy/Presentation/Api/index_dev.php:10
Stack trace:
#0 /source/restybuddy/Presentation/Api/index_dev.php(10): Yaf_Application->run()
#1 {main}
  thrown in /source/restybuddy/Presentation/Api/index_dev.php on line 10
[03-Jun-2012 07:04:00 UTC] PHP Fatal error:  Uncaught exception 'Yaf_Exception_LoadFailed_Controller' with message 'Could not find controller script /source/restybuddy/Presentation/Api/application/controllers/Favicon.ico.php' in /source/restybuddy/Presentation/Api/index_dev.php:10
Stack trace:
#0 /source/restybuddy/Presentation/Api/index_dev.php(10): Yaf_Application->run()
#1 {main}
  thrown in /source/restybuddy/Presentation/Api/index_dev.php on line 10
