NOTICE: 05-28 22:40:28: restybuddy * 18888  Common_Upyun: /source/restybuddy/Presentation/Image/images/13382448163961080.jpg  13382448163961080.jpg  image  error
NOTICE: 05-28 22:44:08: restybuddy * 18889  Common_Upyun: /source/restybuddy/Presentation/Image/images/13382450355746402.jpg  13382450355746402.jpg  image/  ok http://v0.api.upyun.com/woshimaijiav2/image/13382450355746402.jpg
NOTICE: 05-28 22:48:13: restybuddy * 18890  Common_Upyun: /source/restybuddy/Presentation/Image/images/13382452787443091.jpg  13382452787443091.jpg  image/  ok http://v0.api.upyun.com/woshimaijiav2/image/13382452787443091.jpg
NOTICE: 05-28 22:49:33: restybuddy * 18891  Common_Upyun: /source/restybuddy/Presentation/Image/images/13382453614602480.jpg  13382453614602480.jpg  image/  ok http://v0.api.upyun.com/woshimaijiav2/image/13382453614602480.jpg
NOTICE: 05-28 22:51:29: restybuddy * 18892  Common_Upyun: /source/restybuddy/Presentation/Image/images/13382454888568041.xlsx  13382454888568041.xlsx  file/  ok http://v0.api.upyun.com/woshimaijiafile/file/13382454888568041.xlsx
NOTICE: 05-28 23:04:42: restybuddy * 18877  Common_Upyun: /source/restybuddy/Presentation/Temp/file/13382462809888270.xlsx  13382462809888270.xlsx  file/  ok http://v0.api.upyun.com/woshimaijiafile/file/13382462809888270.xlsx
NOTICE: 05-28 23:05:18: restybuddy * 18875  Common_Upyun: /source/restybuddy/Presentation/Temp/image/13382463082683550.jpg  13382463082683550.jpg  image/  ok http://v0.api.upyun.com/woshimaijiav2/image/13382463082683550.jpg
NOTICE: 05-28 23:13:32: restybuddy * 18878  Common_Upyun: /source/restybuddy/Presentation/Temp/image/13382468006257711.jpg  13382468006257711.jpg  image/  ok http://v0.api.upyun.com/woshimaijiav2/image/13382468006257711.jpg
NOTICE: 05-28 23:28:46: restybuddy * 18881  Common_Upyun: /source/restybuddy/Presentation/Temp/image/13382477140052341.jpg  13382477140052341.jpg  image/  ok http://v0.api.upyun.com/woshimaijiav2/image/13382477140052341.jpg
NOTICE: 05-29 07:31:16: restybuddy * 27503  Common_Upyun: /source/restybuddy/Presentation/Temp/file/13382478748529831.xlsx  13382478748529831.xlsx  file/  ok http://v0.api.upyun.com/woshimaijiafile/file/13382478748529831.xlsx
TRACE: 06-03 04:43:29: restybuddy * 871  objkey: d:h:stream:13386698099866790  value:Array
TRACE: 06-03 04:43:29: restybuddy * 871  idstore: d:s:keyset:
TRACE: 06-03 04:43:29: restybuddy * 871  objkey: d:v:lastpost:333333  value:0
TRACE: 06-03 04:43:29: restybuddy * 871  objkey: d:l:outbox:333333  value:13386698099866790
TRACE: 06-03 04:43:29: restybuddy * 871  idstore: d:s:keyset:
TRACE: 06-03 04:43:29: restybuddy * 871  objkey: d:l:inbox:333333  value:13386698099866790
TRACE: 06-03 04:43:29: restybuddy * 871  idstore: d:s:keyset:
TRACE: 06-03 04:43:29: restybuddy * 871  objkey: d:l:eventstream  value:13386698099866790:333333
TRACE: 06-03 04:43:29: restybuddy * 871  idstore: d:s:keyset:
TRACE: 06-03 04:56:01: restybuddy * 874  objkey: d:h:stream:13386705617613080  value:Array
TRACE: 06-03 04:56:01: restybuddy * 874  idstore: d:s:keyset:
TRACE: 06-03 04:56:01: restybuddy * 874  objkey: d:v:lastpost:333333  value:0
TRACE: 06-03 04:56:01: restybuddy * 874  objkey: d:l:outbox:333333  value:13386705617613080
TRACE: 06-03 04:56:01: restybuddy * 874  idstore: d:s:keyset:
TRACE: 06-03 04:56:01: restybuddy * 874  objkey: d:l:inbox:333333  value:13386705617613080
TRACE: 06-03 04:56:01: restybuddy * 874  idstore: d:s:keyset:
TRACE: 06-03 04:56:01: restybuddy * 874  objkey: d:l:eventstream  value:13386705617613080:333333
TRACE: 06-03 04:56:01: restybuddy * 874  idstore: d:s:keyset:
NOTICE: 06-03 05:02:23: restybuddy * 875  Common_Upyun: /source/restybuddy/Presentation/Resource/image/13386709137600841.jpg  13386709137600841.jpg  image/  error http://v0.api.upyun.com/woshimaijiav2/image/13386709137600841.jpg
TRACE: 06-03 05:02:23: restybuddy * 875  objkey: d:h:stream:13386709437666730 
TRACE: 06-03 05:02:23: restybuddy * 875  idstore: d:s:keyset:
TRACE: 06-03 05:02:23: restybuddy * 875  objkey: d:v:lastpost:333333 
TRACE: 06-03 05:02:23: restybuddy * 875  objkey: d:l:outbox:333333 
TRACE: 06-03 05:02:23: restybuddy * 875  idstore: d:s:keyset:
TRACE: 06-03 05:02:23: restybuddy * 875  objkey: d:l:inbox:333333 
TRACE: 06-03 05:02:23: restybuddy * 875  idstore: d:s:keyset:
TRACE: 06-03 05:02:23: restybuddy * 875  objkey: d:l:eventstream 
TRACE: 06-03 05:02:23: restybuddy * 875  idstore: d:s:keyset:
NOTICE: 06-03 05:11:53: restybuddy * 876  Common_Upyun: /source/restybuddy/Presentation/Resource/image/13386714934162281.jpg  13386714934162281.jpg  image/  ok http://v0.api.upyun.com/woshimaijiav2/image/13386714934162281.jpg
TRACE: 06-03 05:11:53: restybuddy * 876  objkey: d:h:stream:13386715137002661 
TRACE: 06-03 05:11:53: restybuddy * 876  idstore: d:s:keyset:
TRACE: 06-03 05:11:53: restybuddy * 876  objkey: d:v:lastpost:333333 
TRACE: 06-03 05:11:53: restybuddy * 876  objkey: d:l:outbox:333333 
TRACE: 06-03 05:11:53: restybuddy * 876  idstore: d:s:keyset:
TRACE: 06-03 05:11:53: restybuddy * 876  objkey: d:l:inbox:333333 
TRACE: 06-03 05:11:53: restybuddy * 876  idstore: d:s:keyset:
TRACE: 06-03 05:11:53: restybuddy * 876  objkey: d:l:eventstream 
TRACE: 06-03 05:11:53: restybuddy * 876  idstore: d:s:keyset:
TRACE: 06-03 05:35:41: restybuddy * 859  objkey: d:h:stream:13386729417231581 
TRACE: 06-03 05:35:41: restybuddy * 859  idstore: d:s:keyset:
TRACE: 06-03 05:35:41: restybuddy * 859  objkey: d:v:lastpost:333333 
TRACE: 06-03 05:35:41: restybuddy * 859  objkey: d:l:outbox:333333 
TRACE: 06-03 05:35:41: restybuddy * 859  idstore: d:s:keyset:
TRACE: 06-03 05:35:41: restybuddy * 859  objkey: d:l:inbox:333333 
TRACE: 06-03 05:35:41: restybuddy * 859  idstore: d:s:keyset:
TRACE: 06-03 05:35:41: restybuddy * 859  objkey: d:l:eventstream 
TRACE: 06-03 05:35:41: restybuddy * 859  idstore: d:s:keyset:
TRACE: 06-03 06:06:24: restybuddy * 869  objkey: d:h:stream:13386747848941991 
TRACE: 06-03 06:06:24: restybuddy * 869  idstore: d:s:keyset:
TRACE: 06-03 06:06:24: restybuddy * 869  objkey: d:v:lastpost:333333 
TRACE: 06-03 06:06:24: restybuddy * 869  objkey: d:l:outbox:333333 
TRACE: 06-03 06:06:24: restybuddy * 869  idstore: d:s:keyset:
TRACE: 06-03 06:06:24: restybuddy * 869  objkey: d:l:inbox:333333 
TRACE: 06-03 06:06:24: restybuddy * 869  idstore: d:s:keyset:
TRACE: 06-03 06:06:24: restybuddy * 869  objkey: d:l:eventstream 
TRACE: 06-03 06:06:24: restybuddy * 869  idstore: d:s:keyset:
TRACE: 06-03 06:06:36: restybuddy * 858  objkey: d:h:stream:13386747961500341 
TRACE: 06-03 06:06:36: restybuddy * 858  idstore: d:s:keyset:
TRACE: 06-03 06:06:36: restybuddy * 858  objkey: d:v:lastpost:333333 
TRACE: 06-03 06:06:36: restybuddy * 858  objkey: d:l:outbox:333333 
TRACE: 06-03 06:06:36: restybuddy * 858  idstore: d:s:keyset:
TRACE: 06-03 06:06:36: restybuddy * 858  objkey: d:l:inbox:333333 
TRACE: 06-03 06:06:36: restybuddy * 858  idstore: d:s:keyset:
TRACE: 06-03 06:06:36: restybuddy * 858  objkey: d:l:eventstream 
TRACE: 06-03 06:06:36: restybuddy * 858  idstore: d:s:keyset:
TRACE: 06-03 06:14:00: restybuddy * 870  objkey: d:h:stream:13386752407639392 
TRACE: 06-03 06:14:00: restybuddy * 870  idstore: d:s:keyset:13386752407639392
TRACE: 06-03 06:14:00: restybuddy * 870  objkey: d:v:lastpost:333333 
TRACE: 06-03 06:14:00: restybuddy * 870  objkey: d:l:outbox:333333 
TRACE: 06-03 06:14:00: restybuddy * 870  idstore: d:s:keyset:13386752407639392
TRACE: 06-03 06:14:00: restybuddy * 870  objkey: d:l:inbox:333333 
TRACE: 06-03 06:14:00: restybuddy * 870  idstore: d:s:keyset:13386752407639392
TRACE: 06-03 06:14:00: restybuddy * 870  objkey: d:l:eventstream 
TRACE: 06-03 06:14:00: restybuddy * 870  idstore: d:s:keyset:13386752407639392:333333
TRACE: 06-03 11:01:20: restybuddy * 860  objkey: d:h:comment:13386924802495970 
TRACE: 06-03 11:01:20: restybuddy * 860  idstore: d:s:keyset:13386924802495970
TRACE: 06-03 11:01:20: restybuddy * 860  objkey: d:v:commentlastpost:333333 
TRACE: 06-03 11:01:20: restybuddy * 860  objkey: d:l:streamcommentlist:2333333333 
TRACE: 06-03 11:01:20: restybuddy * 860  idstore: d:s:keyset:13386924802495970
TRACE: 06-03 11:01:20: restybuddy * 860  objkey: d:l:eventcomment 
TRACE: 06-03 11:01:20: restybuddy * 860  idstore: d:s:keyset:13386924802495970:2333333333
TRACE: 06-03 11:02:18: restybuddy * 862  objkey: d:h:comment:13386925387661661 
TRACE: 06-03 11:02:18: restybuddy * 862  idstore: d:s:keyset:13386925387661661
TRACE: 06-03 11:02:18: restybuddy * 862  objkey: d:v:commentlastpost:333333 
TRACE: 06-03 11:02:18: restybuddy * 862  objkey: d:l:streamcommentlist:2333333333 
TRACE: 06-03 11:02:18: restybuddy * 862  idstore: d:s:keyset:13386925387661661
TRACE: 06-03 11:02:18: restybuddy * 862  objkey: d:l:eventcomment 
TRACE: 06-03 11:02:18: restybuddy * 862  idstore: d:s:keyset:13386925387661661:2333333333
TRACE: 06-03 11:04:51: restybuddy * 865  objkey: d:h:comment:13386926913847232 
TRACE: 06-03 11:04:51: restybuddy * 865  idstore: d:s:keyset:13386926913847232
TRACE: 06-03 11:04:51: restybuddy * 865  objkey: d:v:commentlastpost:333333 
TRACE: 06-03 11:04:51: restybuddy * 865  objkey: d:l:streamcommentlist:2333333333 
TRACE: 06-03 11:04:51: restybuddy * 865  idstore: d:s:keyset:13386926913847232
TRACE: 06-03 11:04:51: restybuddy * 865  objkey: d:l:eventcomment 
TRACE: 06-03 11:04:51: restybuddy * 865  idstore: d:s:keyset:13386926913847232:2333333333
TRACE: 06-03 11:06:19: restybuddy * 869  objkey: d:h:comment:13386927796716980 
TRACE: 06-03 11:06:19: restybuddy * 869  idstore: d:s:keyset:13386927796716980
TRACE: 06-03 11:06:19: restybuddy * 869  objkey: d:v:commentlastpost:333333 
TRACE: 06-03 11:06:19: restybuddy * 869  objkey: d:l:streamcommentlist:2333333333 
TRACE: 06-03 11:06:19: restybuddy * 869  idstore: d:s:keyset:13386927796716980
TRACE: 06-03 11:06:19: restybuddy * 869  objkey: d:l:eventcomment 
TRACE: 06-03 11:06:19: restybuddy * 869  idstore: d:s:keyset:13386927796716980:2333333333
TRACE: 06-03 14:22:33: restybuddy * 872  objkey: d:h:user:13387045536609000 
TRACE: 06-03 14:22:33: restybuddy * 872  idstore: d:s:keyset:13387045536609000
TRACE: 06-03 14:22:33: restybuddy * 872  objkey: d:l:eventuser 
TRACE: 06-03 14:22:33: restybuddy * 872  idstore: d:s:keyset:13387045536609000
TRACE: 06-03 14:23:31: restybuddy * 873  objkey: d:h:user:13387046113663090 
TRACE: 06-03 14:23:31: restybuddy * 873  idstore: d:s:keyset:13387046113663090
TRACE: 06-03 14:23:31: restybuddy * 873  objkey: d:l:eventuser 
TRACE: 06-03 14:23:31: restybuddy * 873  idstore: d:s:keyset:13387046113663090
TRACE: 06-03 14:27:43: restybuddy * 874  objkey: d:h:user:13387048631887951 
TRACE: 06-03 14:27:43: restybuddy * 874  idstore: d:s:keyset:13387048631887951
TRACE: 06-03 14:27:43: restybuddy * 874  objkey: d:l:eventuser 
TRACE: 06-03 14:27:43: restybuddy * 874  idstore: d:s:keyset:13387048631887951
TRACE: 06-03 14:28:16: restybuddy * 857  objkey: d:h:user:13387048961344730 
TRACE: 06-03 14:28:16: restybuddy * 857  idstore: d:s:keyset:13387048961344730
TRACE: 06-03 14:28:16: restybuddy * 857  objkey: d:l:eventuser 
TRACE: 06-03 14:28:16: restybuddy * 857  idstore: d:s:keyset:13387048961344730
